This file contains any messages produced by compilers while
running configure, to aid debugging if configure makes a mistake.

configure:565: checking for a BSD compatible install
configure:618: checking whether build environment is sane
configure:675: checking whether make sets ${MAKE}
configure:721: checking for working aclocal-1.4
configure:734: checking for working autoconf
configure:747: checking for working automake-1.4
configure:760: checking for working autoheader
configure:773: checking for working makeinfo
configure:790: checking for ranlib
configure:821: checking for gcc
configure:934: checking whether the C compiler (gcc  ) works
configure:950: gcc -o conftest    conftest.c  1>&5
configure:976: checking whether the C compiler (gcc  ) is a cross-compiler
configure:981: checking whether we are using GNU C
configure:990: gcc -E conftest.c
configure:1009: checking whether gcc accepts -g
configure:1045: checking for c++
configure:1077: checking whether the C++ compiler (c++  ) works
configure:1093: c++ -o conftest    conftest.C  1>&5
configure:1119: checking whether the C++ compiler (c++  ) is a cross-compiler
configure:1124: checking whether we are using GNU C++
configure:1133: c++ -E conftest.C
configure:1152: checking whether c++ accepts -g
configure:1213: checking for OpenSSL
configure:1224: checking for main in -lcrypto
configure:1239: gcc -o conftest -g -O2 -I/usr   conftest.c -lcrypto   1>&5
configure:1256: checking for SSLeay_add_all_algorithms in -lcrypto
configure:1275: gcc -o conftest -g -O2 -I/usr   conftest.c -lcrypto   1>&5
/tmp/cc6LGxTp.o: In function `main':
/usr/people/jordi-r/downloads/centericq-4.21.0/connwrap-0.1/configure:1271: undefined reference to `SSLeay_add_all_algorithms'
collect2: ld returned 1 exit status
configure: failed program was:
#line 1264 "configure"
#include "confdefs.h"
/* Override any gcc2 internal prototype to avoid an error.  */
/* We use char because int might match the return type of a gcc2
    builtin and then its argument prototype would still apply.  */
char SSLeay_add_all_algorithms();

int main() {
SSLeay_add_all_algorithms()
; return 0; }
configure:1306: checking for main in -lssl
configure:1321: gcc -o conftest -g -O2 -I/usr   conftest.c -lssl   1>&5
configure:1577: checking for inet_aton() presence
configure:1599: gcc -o conftest -g -O2 -I/usr   conftest.c -lssl  1>&5
