This file contains any messages produced by compilers while
running configure, to aid debugging if configure makes a mistake.

It was created by configure, which was
generated by GNU Autoconf 2.59.  Invocation command line was

  $ ./configure --prefix=/usr/local --cache-file=/dev/null --srcdir=.

## --------- ##
## Platform. ##
## --------- ##

hostname = terri.mpc.local
uname -m = x86_64
uname -r = 2.6.18-194.26.1.el5.mpc18
uname -s = Linux
uname -v = #1 SMP Mon Dec 20 15:45:22 GMT 2010

/usr/bin/uname -p = unknown
/bin/uname -X     = unknown

/bin/arch              = x86_64
/usr/bin/arch -k       = unknown
/usr/convex/getsysinfo = unknown
hostinfo               = unknown
/bin/machine           = unknown
/usr/bin/oslevel       = unknown
/bin/universe          = unknown

PATH: /jobs/p4/tools/hub/scripts
PATH: /software/tools/hub/2.26/scripts
PATH: /jobs/p4/tools/scripts
PATH: /jobs/p4/tools/bin/linux
PATH: /jobs/p4/tools/scripts
PATH: /jobs/p4/tools/bin/linux
PATH: /software/mpc/scripts
PATH: /software/mpc/bin/linux.centos4.x86_64
PATH: /software/mpc/bin/linux.fedora1.x86_64
PATH: /software/mpc/bin/linux.centos4.i386
PATH: /software/mpc/bin/linux.fedora1.i386
PATH: /software/tools/scripts
PATH: /software/tools/bin/linux.centos4.x86_64
PATH: /software/tools/bin/linux.fedora1.x86_64
PATH: /software/tools/bin/linux.centos4.i386
PATH: /software/tools/bin/linux.fedora1.i386
PATH: /usr/local/bin
PATH: /usr/local/wmaker/bin
PATH: /usr/bsd
PATH: /usr/bin
PATH: /usr/ucb
PATH: /bin
PATH: /usr/sbin
PATH: /usr/bin/X11
PATH: /etc
PATH: /usr/etc
PATH: .


## ----------- ##
## Core tests. ##
## ----------- ##

configure:1355: checking for a BSD-compatible install
configure:1410: result: /usr/bin/install -c
configure:1421: checking whether build environment is sane
configure:1464: result: yes
configure:1479: checking whether make sets $(MAKE)
configure:1499: result: yes
configure:1531: checking for working aclocal-1.4
configure:1538: result: found
configure:1546: checking for working autoconf
configure:1553: result: found
configure:1561: checking for working automake-1.4
configure:1568: result: found
configure:1576: checking for working autoheader
configure:1583: result: found
configure:1591: checking for working makeinfo
configure:1598: result: found
configure:1649: checking for ranlib
configure:1665: found /usr/bin/ranlib
configure:1676: result: ranlib
configure:1734: checking for gcc
configure:1750: found /usr/bin/gcc
configure:1760: result: gcc
configure:2004: checking for C compiler version
configure:2007: gcc --version </dev/null >&5
gcc (GCC) 4.1.2 20080704 (Red Hat 4.1.2-48)
Copyright (C) 2006 Free Software Foundation, Inc.
This is free software; see the source for copying conditions.  There is NO
warranty; not even for MERCHANTABILITY or FITNESS FOR A PARTICULAR PURPOSE.

configure:2010: $? = 0
configure:2012: gcc -v </dev/null >&5
Using built-in specs.
Target: x86_64-redhat-linux
Configured with: ../configure --prefix=/usr --mandir=/usr/share/man --infodir=/usr/share/info --enable-shared --enable-threads=posix --enable-checking=release --with-system-zlib --enable-__cxa_atexit --disable-libunwind-exceptions --enable-libgcj-multifile --enable-languages=c,c++,objc,obj-c++,java,fortran,ada --enable-java-awt=gtk --disable-dssi --enable-plugin --with-java-home=/usr/lib/jvm/java-1.4.2-gcj-1.4.2.0/jre --with-cpu=generic --host=x86_64-redhat-linux
Thread model: posix
gcc version 4.1.2 20080704 (Red Hat 4.1.2-48)
configure:2015: $? = 0
configure:2017: gcc -V </dev/null >&5
gcc: '-V' option must have argument
configure:2020: $? = 1
configure:2043: checking for C compiler default output file name
configure:2046: gcc    conftest.c  >&5
configure:2049: $? = 0
configure:2095: result: a.out
configure:2100: checking whether the C compiler works
configure:2106: ./a.out
configure:2109: $? = 0
configure:2126: result: yes
configure:2133: checking whether we are cross compiling
configure:2135: result: no
configure:2138: checking for suffix of executables
configure:2140: gcc -o conftest    conftest.c  >&5
configure:2143: $? = 0
configure:2168: result: 
configure:2174: checking for suffix of object files
configure:2195: gcc -c   conftest.c >&5
configure:2198: $? = 0
configure:2220: result: o
configure:2224: checking whether we are using the GNU C compiler
configure:2248: gcc -c   conftest.c >&5
configure:2254: $? = 0
configure:2258: test -z 
			 || test ! -s conftest.err
configure:2261: $? = 0
configure:2264: test -s conftest.o
configure:2267: $? = 0
configure:2280: result: yes
configure:2286: checking whether gcc accepts -g
configure:2307: gcc -c -g  conftest.c >&5
configure:2313: $? = 0
configure:2317: test -z 
			 || test ! -s conftest.err
configure:2320: $? = 0
configure:2323: test -s conftest.o
configure:2326: $? = 0
configure:2337: result: yes
configure:2354: checking for gcc option to accept ANSI C
configure:2424: gcc  -c -g -O2  conftest.c >&5
configure:2430: $? = 0
configure:2434: test -z 
			 || test ! -s conftest.err
configure:2437: $? = 0
configure:2440: test -s conftest.o
configure:2443: $? = 0
configure:2461: result: none needed
configure:2479: gcc -c -g -O2  conftest.c >&5
conftest.c:2: error: expected '=', ',', ';', 'asm' or '__attribute__' before 'me'
configure:2485: $? = 1
configure: failed program was:
| #ifndef __cplusplus
|   choke me
| #endif
configure:2689: checking for g++
configure:2705: found /usr/bin/g++
configure:2715: result: g++
configure:2731: checking for C++ compiler version
configure:2734: g++ --version </dev/null >&5
g++ (GCC) 4.1.2 20080704 (Red Hat 4.1.2-48)
Copyright (C) 2006 Free Software Foundation, Inc.
This is free software; see the source for copying conditions.  There is NO
warranty; not even for MERCHANTABILITY or FITNESS FOR A PARTICULAR PURPOSE.

configure:2737: $? = 0
configure:2739: g++ -v </dev/null >&5
Using built-in specs.
Target: x86_64-redhat-linux
Configured with: ../configure --prefix=/usr --mandir=/usr/share/man --infodir=/usr/share/info --enable-shared --enable-threads=posix --enable-checking=release --with-system-zlib --enable-__cxa_atexit --disable-libunwind-exceptions --enable-libgcj-multifile --enable-languages=c,c++,objc,obj-c++,java,fortran,ada --enable-java-awt=gtk --disable-dssi --enable-plugin --with-java-home=/usr/lib/jvm/java-1.4.2-gcj-1.4.2.0/jre --with-cpu=generic --host=x86_64-redhat-linux
Thread model: posix
gcc version 4.1.2 20080704 (Red Hat 4.1.2-48)
configure:2742: $? = 0
configure:2744: g++ -V </dev/null >&5
g++: '-V' option must have argument
configure:2747: $? = 1
configure:2750: checking whether we are using the GNU C++ compiler
configure:2774: g++ -c   conftest.cc >&5
configure:2780: $? = 0
configure:2784: test -z 
			 || test ! -s conftest.err
configure:2787: $? = 0
configure:2790: test -s conftest.o
configure:2793: $? = 0
configure:2806: result: yes
configure:2812: checking whether g++ accepts -g
configure:2833: g++ -c -g  conftest.cc >&5
configure:2839: $? = 0
configure:2843: test -z 
			 || test ! -s conftest.err
configure:2846: $? = 0
configure:2849: test -s conftest.o
configure:2852: $? = 0
configure:2863: result: yes
configure:2905: g++ -c -g -O2  conftest.cc >&5
configure:2911: $? = 0
configure:2915: test -z 
			 || test ! -s conftest.err
configure:2918: $? = 0
configure:2921: test -s conftest.o
configure:2924: $? = 0
configure:2950: g++ -c -g -O2  conftest.cc >&5
conftest.cc: In function 'int main()':
conftest.cc:15: error: 'exit' was not declared in this scope
configure:2956: $? = 1
configure: failed program was:
| /* confdefs.h.  */
| 
| #define PACKAGE_NAME ""
| #define PACKAGE_TARNAME ""
| #define PACKAGE_VERSION ""
| #define PACKAGE_STRING ""
| #define PACKAGE_BUGREPORT ""
| #define PACKAGE "libgadu"
| #define VERSION "0.1"
| /* end confdefs.h.  */
| 
| int
| main ()
| {
| exit (42);
|   ;
|   return 0;
| }
configure:2905: g++ -c -g -O2  conftest.cc >&5
configure:2911: $? = 0
configure:2915: test -z 
			 || test ! -s conftest.err
configure:2918: $? = 0
configure:2921: test -s conftest.o
configure:2924: $? = 0
configure:2950: g++ -c -g -O2  conftest.cc >&5
configure:2956: $? = 0
configure:2960: test -z 
			 || test ! -s conftest.err
configure:2963: $? = 0
configure:2966: test -s conftest.o
configure:2969: $? = 0
configure:3021: checking for OpenSSL
configure:3031: result: found in /usr
configure:3034: checking for main in -lcrypto
configure:3058: gcc -o conftest -g -O2 -I/usr   conftest.c -lcrypto   >&5
configure:3064: $? = 0
configure:3068: test -z 
			 || test ! -s conftest.err
configure:3071: $? = 0
configure:3074: test -s conftest
configure:3077: $? = 0
configure:3090: result: yes
configure:3094: checking for SSLeay_add_all_algorithms in -lcrypto
configure:3124: gcc -o conftest -g -O2 -I/usr   conftest.c -lcrypto   >&5
/tmp/cc4mnAMo.o: In function `main':
/usr/people/jordi-r/downloads/centericq-4.21.0/libgadu-0.1/conftest.c:26: undefined reference to `SSLeay_add_all_algorithms'
collect2: ld returned 1 exit status
configure:3130: $? = 1
configure: failed program was:
| /* confdefs.h.  */
| 
| #define PACKAGE_NAME ""
| #define PACKAGE_TARNAME ""
| #define PACKAGE_VERSION ""
| #define PACKAGE_STRING ""
| #define PACKAGE_BUGREPORT ""
| #define PACKAGE "libgadu"
| #define VERSION "0.1"
| #ifdef __cplusplus
| extern "C" void std::exit (int) throw (); using std::exit;
| #endif
| #define HAVE_OPENSSL 1
| /* end confdefs.h.  */
| 
| /* Override any gcc2 internal prototype to avoid an error.  */
| #ifdef __cplusplus
| extern "C"
| #endif
| /* We use char because int might match the return type of a gcc2
|    builtin and then its argument prototype would still apply.  */
| char SSLeay_add_all_algorithms ();
| int
| main ()
| {
| SSLeay_add_all_algorithms ();
|   ;
|   return 0;
| }
configure:3156: result: no
configure:3171: checking for main in -lssl
configure:3195: gcc -o conftest -g -O2 -I/usr   conftest.c -lssl   >&5
configure:3201: $? = 0
configure:3205: test -z 
			 || test ! -s conftest.err
configure:3208: $? = 0
configure:3211: test -s conftest
configure:3214: $? = 0
configure:3227: result: yes
configure:3514: checking endianness
configure:3545: gcc -c -g -O2 -I/usr  conftest.c >&5
configure:3551: $? = 0
configure:3555: test -z 
			 || test ! -s conftest.err
configure:3558: $? = 0
configure:3561: test -s conftest.o
configure:3564: $? = 0
configure:3582: result: little
configure:3590: checking how to run the C preprocessor
configure:3625: gcc -E  conftest.c
configure:3631: $? = 0
configure:3663: gcc -E  conftest.c
conftest.c:16:28: error: ac_nonexistent.h: No such file or directory
configure:3669: $? = 1
configure: failed program was:
| /* confdefs.h.  */
| 
| #define PACKAGE_NAME ""
| #define PACKAGE_TARNAME ""
| #define PACKAGE_VERSION ""
| #define PACKAGE_STRING ""
| #define PACKAGE_BUGREPORT ""
| #define PACKAGE "libgadu"
| #define VERSION "0.1"
| #ifdef __cplusplus
| extern "C" void std::exit (int) throw (); using std::exit;
| #endif
| #define HAVE_OPENSSL 1
| #define HAVE_LIBSSL 1
| /* end confdefs.h.  */
| #include <ac_nonexistent.h>
configure:3708: result: gcc -E
configure:3732: gcc -E  conftest.c
configure:3738: $? = 0
configure:3770: gcc -E  conftest.c
conftest.c:16:28: error: ac_nonexistent.h: No such file or directory
configure:3776: $? = 1
configure: failed program was:
| /* confdefs.h.  */
| 
| #define PACKAGE_NAME ""
| #define PACKAGE_TARNAME ""
| #define PACKAGE_VERSION ""
| #define PACKAGE_STRING ""
| #define PACKAGE_BUGREPORT ""
| #define PACKAGE "libgadu"
| #define VERSION "0.1"
| #ifdef __cplusplus
| extern "C" void std::exit (int) throw (); using std::exit;
| #endif
| #define HAVE_OPENSSL 1
| #define HAVE_LIBSSL 1
| /* end confdefs.h.  */
| #include <ac_nonexistent.h>
configure:3820: checking for egrep
configure:3830: result: grep -E
configure:3835: checking for ANSI C header files
configure:3860: gcc -c -g -O2 -I/usr  conftest.c >&5
configure:3866: $? = 0
configure:3870: test -z 
			 || test ! -s conftest.err
configure:3873: $? = 0
configure:3876: test -s conftest.o
configure:3879: $? = 0
configure:3968: gcc -o conftest -g -O2 -I/usr   conftest.c -lssl  >&5
conftest.c: In function 'main':
conftest.c:33: warning: incompatible implicit declaration of built-in function 'exit'
configure:3971: $? = 0
configure:3973: ./conftest
configure:3976: $? = 0
configure:3991: result: yes
configure:4015: checking for sys/types.h
configure:4031: gcc -c -g -O2 -I/usr  conftest.c >&5
configure:4037: $? = 0
configure:4041: test -z 
			 || test ! -s conftest.err
configure:4044: $? = 0
configure:4047: test -s conftest.o
configure:4050: $? = 0
configure:4061: result: yes
configure:4015: checking for sys/stat.h
configure:4031: gcc -c -g -O2 -I/usr  conftest.c >&5
configure:4037: $? = 0
configure:4041: test -z 
			 || test ! -s conftest.err
configure:4044: $? = 0
configure:4047: test -s conftest.o
configure:4050: $? = 0
configure:4061: result: yes
configure:4015: checking for stdlib.h
configure:4031: gcc -c -g -O2 -I/usr  conftest.c >&5
configure:4037: $? = 0
configure:4041: test -z 
			 || test ! -s conftest.err
configure:4044: $? = 0
configure:4047: test -s conftest.o
configure:4050: $? = 0
configure:4061: result: yes
configure:4015: checking for string.h
configure:4031: gcc -c -g -O2 -I/usr  conftest.c >&5
configure:4037: $? = 0
configure:4041: test -z 
			 || test ! -s conftest.err
configure:4044: $? = 0
configure:4047: test -s conftest.o
configure:4050: $? = 0
configure:4061: result: yes
configure:4015: checking for memory.h
configure:4031: gcc -c -g -O2 -I/usr  conftest.c >&5
configure:4037: $? = 0
configure:4041: test -z 
			 || test ! -s conftest.err
configure:4044: $? = 0
configure:4047: test -s conftest.o
configure:4050: $? = 0
configure:4061: result: yes
configure:4015: checking for strings.h
configure:4031: gcc -c -g -O2 -I/usr  conftest.c >&5
configure:4037: $? = 0
configure:4041: test -z 
			 || test ! -s conftest.err
configure:4044: $? = 0
configure:4047: test -s conftest.o
configure:4050: $? = 0
configure:4061: result: yes
configure:4015: checking for inttypes.h
configure:4031: gcc -c -g -O2 -I/usr  conftest.c >&5
configure:4037: $? = 0
configure:4041: test -z 
			 || test ! -s conftest.err
configure:4044: $? = 0
configure:4047: test -s conftest.o
configure:4050: $? = 0
configure:4061: result: yes
configure:4015: checking for stdint.h
configure:4031: gcc -c -g -O2 -I/usr  conftest.c >&5
configure:4037: $? = 0
configure:4041: test -z 
			 || test ! -s conftest.err
configure:4044: $? = 0
configure:4047: test -s conftest.o
configure:4050: $? = 0
configure:4061: result: yes
configure:4015: checking for unistd.h
configure:4031: gcc -c -g -O2 -I/usr  conftest.c >&5
configure:4037: $? = 0
configure:4041: test -z 
			 || test ! -s conftest.err
configure:4044: $? = 0
configure:4047: test -s conftest.o
configure:4050: $? = 0
configure:4061: result: yes
configure:4079: checking for stdint.h
configure:4084: result: yes
configure:4079: checking for sys/types.h
configure:4084: result: yes
configure:4353: creating ./config.status

## ---------------------- ##
## Running config.status. ##
## ---------------------- ##

This file was extended by config.status, which was
generated by GNU Autoconf 2.59.  Invocation command line was

  CONFIG_FILES    = 
  CONFIG_HEADERS  = 
  CONFIG_LINKS    = 
  CONFIG_COMMANDS = 
  $ ./config.status 

on terri.mpc.local

config.status:659: creating Makefile

## ---------------- ##
## Cache variables. ##
## ---------------- ##

ac_cv_c_compiler_gnu=yes
ac_cv_cxx_compiler_gnu=yes
ac_cv_env_CC_set=
ac_cv_env_CC_value=
ac_cv_env_CFLAGS_set=
ac_cv_env_CFLAGS_value=
ac_cv_env_CPPFLAGS_set=
ac_cv_env_CPPFLAGS_value=
ac_cv_env_CPP_set=
ac_cv_env_CPP_value=
ac_cv_env_CXXFLAGS_set=
ac_cv_env_CXXFLAGS_value=
ac_cv_env_CXX_set=
ac_cv_env_CXX_value=
ac_cv_env_LDFLAGS_set=
ac_cv_env_LDFLAGS_value=
ac_cv_env_build_alias_set=
ac_cv_env_build_alias_value=
ac_cv_env_host_alias_set=
ac_cv_env_host_alias_value=
ac_cv_env_target_alias_set=
ac_cv_env_target_alias_value=
ac_cv_exeext=
ac_cv_header_inttypes_h=yes
ac_cv_header_memory_h=yes
ac_cv_header_stdc=yes
ac_cv_header_stdint_h=yes
ac_cv_header_stdlib_h=yes
ac_cv_header_string_h=yes
ac_cv_header_strings_h=yes
ac_cv_header_sys_stat_h=yes
ac_cv_header_sys_types_h=yes
ac_cv_header_unistd_h=yes
ac_cv_lib_crypto_SSLeay_add_all_algorithms=no
ac_cv_lib_crypto_main=yes
ac_cv_lib_ssl_main=yes
ac_cv_objext=o
ac_cv_path_install='/usr/bin/install -c'
ac_cv_prog_CPP='gcc -E'
ac_cv_prog_ac_ct_CC=gcc
ac_cv_prog_ac_ct_CXX=g++
ac_cv_prog_ac_ct_RANLIB=ranlib
ac_cv_prog_cc_g=yes
ac_cv_prog_cc_stdc=
ac_cv_prog_cxx_g=yes
ac_cv_prog_egrep='grep -E'
ac_cv_prog_make_make_set=yes

## ----------------- ##
## Output variables. ##
## ----------------- ##

ACLOCAL='aclocal-1.4'
AUTOCONF='autoconf'
AUTOHEADER='autoheader'
AUTOMAKE='automake-1.4'
BUILD_GADU_FALSE='#'
BUILD_GADU_TRUE=''
CC='gcc'
CFLAGS='-g -O2 -I/usr'
CPP='gcc -E'
CPPFLAGS=''
CXX='g++'
CXXFLAGS='-g -O2'
DEFS='-DPACKAGE_NAME=\"\" -DPACKAGE_TARNAME=\"\" -DPACKAGE_VERSION=\"\" -DPACKAGE_STRING=\"\" -DPACKAGE_BUGREPORT=\"\" -DPACKAGE=\"libgadu\" -DVERSION=\"0.1\" -DHAVE_OPENSSL=1 -DHAVE_LIBSSL=1 -DSTDC_HEADERS=1 -DHAVE_SYS_TYPES_H=1 -DHAVE_SYS_STAT_H=1 -DHAVE_STDLIB_H=1 -DHAVE_STRING_H=1 -DHAVE_MEMORY_H=1 -DHAVE_STRINGS_H=1 -DHAVE_INTTYPES_H=1 -DHAVE_STDINT_H=1 -DHAVE_UNISTD_H=1 -DHAVE_STDINT_H=1 -DHAVE_SYS_TYPES_H=1 '
ECHO_C=''
ECHO_N='-n'
ECHO_T=''
EGREP='grep -E'
EXEEXT=''
INSTALL_DATA='${INSTALL} -m 644'
INSTALL_PROGRAM='${INSTALL}'
INSTALL_SCRIPT='${INSTALL}'
LDFLAGS=''
LIBGNUTLS_EXTRA_CFLAGS=''
LIBGNUTLS_EXTRA_CONFIG=''
LIBGNUTLS_EXTRA_LIBS=''
LIBOBJS=''
LIBS='-lssl '
LTLIBOBJS=''
MAKEINFO='makeinfo'
OBJEXT='o'
PACKAGE='libgadu'
PACKAGE_BUGREPORT=''
PACKAGE_NAME=''
PACKAGE_STRING=''
PACKAGE_TARNAME=''
PACKAGE_VERSION=''
PATH_SEPARATOR=':'
RANLIB='ranlib'
SET_MAKE=''
SHELL='/bin/sh'
VERSION='0.1'
ac_ct_CC='gcc'
ac_ct_CXX='g++'
ac_ct_RANLIB='ranlib'
bindir='${exec_prefix}/bin'
build_alias=''
datadir='${prefix}/share'
exec_prefix='${prefix}'
host_alias=''
includedir='${prefix}/include'
infodir='${prefix}/info'
libdir='${exec_prefix}/lib'
libexecdir='${exec_prefix}/libexec'
localstatedir='${prefix}/var'
mandir='${prefix}/man'
oldincludedir='/usr/include'
prefix='/usr/local'
program_transform_name='s,x,x,'
sbindir='${exec_prefix}/sbin'
sharedstatedir='${prefix}/com'
sysconfdir='${prefix}/etc'
target_alias=''

## ----------- ##
## confdefs.h. ##
## ----------- ##

#define HAVE_INTTYPES_H 1
#define HAVE_LIBSSL 1
#define HAVE_MEMORY_H 1
#define HAVE_OPENSSL 1
#define HAVE_STDINT_H 1
#define HAVE_STDINT_H 1
#define HAVE_STDLIB_H 1
#define HAVE_STRINGS_H 1
#define HAVE_STRING_H 1
#define HAVE_SYS_STAT_H 1
#define HAVE_SYS_TYPES_H 1
#define HAVE_SYS_TYPES_H 1
#define HAVE_UNISTD_H 1
#define PACKAGE "libgadu"
#define PACKAGE_BUGREPORT ""
#define PACKAGE_NAME ""
#define PACKAGE_STRING ""
#define PACKAGE_TARNAME ""
#define PACKAGE_VERSION ""
#define STDC_HEADERS 1
#define VERSION "0.1"
#endif
#ifdef __cplusplus
extern "C" void std::exit (int) throw (); using std::exit;

configure: exit 0
