This file contains any messages produced by compilers while
running configure, to aid debugging if configure makes a mistake.

It was created by configure, which was
generated by GNU Autoconf 2.59.  Invocation command line was

  $ configure 

## --------- ##
## Platform. ##
## --------- ##

hostname = terri.mpc.local
uname -m = x86_64
uname -r = 2.6.18-194.26.1.el5.mpc18
uname -s = Linux
uname -v = #1 SMP Mon Dec 20 15:45:22 GMT 2010

/usr/bin/uname -p = unknown
/bin/uname -X     = unknown

/bin/arch              = x86_64
/usr/bin/arch -k       = unknown
/usr/convex/getsysinfo = unknown
hostinfo               = unknown
/bin/machine           = unknown
/usr/bin/oslevel       = unknown
/bin/universe          = unknown

PATH: /jobs/p4/tools/hub/scripts
PATH: /software/tools/hub/2.26/scripts
PATH: /jobs/p4/tools/scripts
PATH: /jobs/p4/tools/bin/linux
PATH: /jobs/p4/tools/scripts
PATH: /jobs/p4/tools/bin/linux
PATH: /software/mpc/scripts
PATH: /software/mpc/bin/linux.centos4.x86_64
PATH: /software/mpc/bin/linux.fedora1.x86_64
PATH: /software/mpc/bin/linux.centos4.i386
PATH: /software/mpc/bin/linux.fedora1.i386
PATH: /software/tools/scripts
PATH: /software/tools/bin/linux.centos4.x86_64
PATH: /software/tools/bin/linux.fedora1.x86_64
PATH: /software/tools/bin/linux.centos4.i386
PATH: /software/tools/bin/linux.fedora1.i386
PATH: /usr/local/bin
PATH: /usr/local/wmaker/bin
PATH: /usr/bsd
PATH: /usr/bin
PATH: /usr/ucb
PATH: /bin
PATH: /usr/sbin
PATH: /usr/bin/X11
PATH: /etc
PATH: /usr/etc
PATH: .


## ----------- ##
## Core tests. ##
## ----------- ##

configure:1388: checking for a BSD-compatible install
configure:1443: result: /usr/bin/install -c
configure:1454: checking whether build environment is sane
configure:1497: result: yes
configure:1512: checking whether make sets $(MAKE)
configure:1532: result: yes
configure:1564: checking for working aclocal-1.4
configure:1571: result: found
configure:1579: checking for working autoconf
configure:1586: result: found
configure:1594: checking for working automake-1.4
configure:1601: result: found
configure:1609: checking for working autoheader
configure:1616: result: found
configure:1624: checking for working makeinfo
configure:1631: result: found
configure:1647: checking build system type
configure:1665: result: x86_64-unknown-linux-gnu
configure:1673: checking host system type
configure:1687: result: x86_64-unknown-linux-gnu
configure:1742: checking for gcc
configure:1758: found /usr/bin/gcc
configure:1768: result: gcc
configure:2012: checking for C compiler version
configure:2015: gcc --version </dev/null >&5
gcc (GCC) 4.1.2 20080704 (Red Hat 4.1.2-48)
Copyright (C) 2006 Free Software Foundation, Inc.
This is free software; see the source for copying conditions.  There is NO
warranty; not even for MERCHANTABILITY or FITNESS FOR A PARTICULAR PURPOSE.

configure:2018: $? = 0
configure:2020: gcc -v </dev/null >&5
Using built-in specs.
Target: x86_64-redhat-linux
Configured with: ../configure --prefix=/usr --mandir=/usr/share/man --infodir=/usr/share/info --enable-shared --enable-threads=posix --enable-checking=release --with-system-zlib --enable-__cxa_atexit --disable-libunwind-exceptions --enable-libgcj-multifile --enable-languages=c,c++,objc,obj-c++,java,fortran,ada --enable-java-awt=gtk --disable-dssi --enable-plugin --with-java-home=/usr/lib/jvm/java-1.4.2-gcj-1.4.2.0/jre --with-cpu=generic --host=x86_64-redhat-linux
Thread model: posix
gcc version 4.1.2 20080704 (Red Hat 4.1.2-48)
configure:2023: $? = 0
configure:2025: gcc -V </dev/null >&5
gcc: '-V' option must have argument
configure:2028: $? = 1
configure:2051: checking for C compiler default output file name
configure:2054: gcc    conftest.c  >&5
configure:2057: $? = 0
configure:2103: result: a.out
configure:2108: checking whether the C compiler works
configure:2114: ./a.out
configure:2117: $? = 0
configure:2134: result: yes
configure:2141: checking whether we are cross compiling
configure:2143: result: no
configure:2146: checking for suffix of executables
configure:2148: gcc -o conftest    conftest.c  >&5
configure:2151: $? = 0
configure:2176: result: 
configure:2182: checking for suffix of object files
configure:2203: gcc -c   conftest.c >&5
configure:2206: $? = 0
configure:2228: result: o
configure:2232: checking whether we are using the GNU C compiler
configure:2256: gcc -c   conftest.c >&5
configure:2262: $? = 0
configure:2266: test -z 
			 || test ! -s conftest.err
configure:2269: $? = 0
configure:2272: test -s conftest.o
configure:2275: $? = 0
configure:2288: result: yes
configure:2294: checking whether gcc accepts -g
configure:2315: gcc -c -g  conftest.c >&5
configure:2321: $? = 0
configure:2325: test -z 
			 || test ! -s conftest.err
configure:2328: $? = 0
configure:2331: test -s conftest.o
configure:2334: $? = 0
configure:2345: result: yes
configure:2362: checking for gcc option to accept ANSI C
configure:2432: gcc  -c -g -O2  conftest.c >&5
configure:2438: $? = 0
configure:2442: test -z 
			 || test ! -s conftest.err
configure:2445: $? = 0
configure:2448: test -s conftest.o
configure:2451: $? = 0
configure:2469: result: none needed
configure:2487: gcc -c -g -O2  conftest.c >&5
conftest.c:2: error: expected '=', ',', ';', 'asm' or '__attribute__' before 'me'
configure:2493: $? = 1
configure: failed program was:
| #ifndef __cplusplus
|   choke me
| #endif
configure:2678: checking for g++
configure:2694: found /usr/bin/g++
configure:2704: result: g++
configure:2720: checking for C++ compiler version
configure:2723: g++ --version </dev/null >&5
g++ (GCC) 4.1.2 20080704 (Red Hat 4.1.2-48)
Copyright (C) 2006 Free Software Foundation, Inc.
This is free software; see the source for copying conditions.  There is NO
warranty; not even for MERCHANTABILITY or FITNESS FOR A PARTICULAR PURPOSE.

configure:2726: $? = 0
configure:2728: g++ -v </dev/null >&5
Using built-in specs.
Target: x86_64-redhat-linux
Configured with: ../configure --prefix=/usr --mandir=/usr/share/man --infodir=/usr/share/info --enable-shared --enable-threads=posix --enable-checking=release --with-system-zlib --enable-__cxa_atexit --disable-libunwind-exceptions --enable-libgcj-multifile --enable-languages=c,c++,objc,obj-c++,java,fortran,ada --enable-java-awt=gtk --disable-dssi --enable-plugin --with-java-home=/usr/lib/jvm/java-1.4.2-gcj-1.4.2.0/jre --with-cpu=generic --host=x86_64-redhat-linux
Thread model: posix
gcc version 4.1.2 20080704 (Red Hat 4.1.2-48)
configure:2731: $? = 0
configure:2733: g++ -V </dev/null >&5
g++: '-V' option must have argument
configure:2736: $? = 1
configure:2739: checking whether we are using the GNU C++ compiler
configure:2763: g++ -c   conftest.cc >&5
configure:2769: $? = 0
configure:2773: test -z 
			 || test ! -s conftest.err
configure:2776: $? = 0
configure:2779: test -s conftest.o
configure:2782: $? = 0
configure:2795: result: yes
configure:2801: checking whether g++ accepts -g
configure:2822: g++ -c -g  conftest.cc >&5
configure:2828: $? = 0
configure:2832: test -z 
			 || test ! -s conftest.err
configure:2835: $? = 0
configure:2838: test -s conftest.o
configure:2841: $? = 0
configure:2852: result: yes
configure:2894: g++ -c -g -O2  conftest.cc >&5
configure:2900: $? = 0
configure:2904: test -z 
			 || test ! -s conftest.err
configure:2907: $? = 0
configure:2910: test -s conftest.o
configure:2913: $? = 0
configure:2939: g++ -c -g -O2  conftest.cc >&5
conftest.cc: In function 'int main()':
conftest.cc:15: error: 'exit' was not declared in this scope
configure:2945: $? = 1
configure: failed program was:
| /* confdefs.h.  */
| 
| #define PACKAGE_NAME ""
| #define PACKAGE_TARNAME ""
| #define PACKAGE_VERSION ""
| #define PACKAGE_STRING ""
| #define PACKAGE_BUGREPORT ""
| #define PACKAGE "centericq"
| #define VERSION "4.21.0"
| /* end confdefs.h.  */
| 
| int
| main ()
| {
| exit (42);
|   ;
|   return 0;
| }
configure:2894: g++ -c -g -O2  conftest.cc >&5
configure:2900: $? = 0
configure:2904: test -z 
			 || test ! -s conftest.err
configure:2907: $? = 0
configure:2910: test -s conftest.o
configure:2913: $? = 0
configure:2939: g++ -c -g -O2  conftest.cc >&5
configure:2945: $? = 0
configure:2949: test -z 
			 || test ! -s conftest.err
configure:2952: $? = 0
configure:2955: test -s conftest.o
configure:2958: $? = 0
configure:2986: checking how to run the C preprocessor
configure:3021: gcc -E  conftest.c
configure:3027: $? = 0
configure:3059: gcc -E  conftest.c
conftest.c:14:28: error: ac_nonexistent.h: No such file or directory
configure:3065: $? = 1
configure: failed program was:
| /* confdefs.h.  */
| 
| #define PACKAGE_NAME ""
| #define PACKAGE_TARNAME ""
| #define PACKAGE_VERSION ""
| #define PACKAGE_STRING ""
| #define PACKAGE_BUGREPORT ""
| #define PACKAGE "centericq"
| #define VERSION "4.21.0"
| #ifdef __cplusplus
| extern "C" void std::exit (int) throw (); using std::exit;
| #endif
| /* end confdefs.h.  */
| #include <ac_nonexistent.h>
configure:3104: result: gcc -E
configure:3128: gcc -E  conftest.c
configure:3134: $? = 0
configure:3166: gcc -E  conftest.c
conftest.c:14:28: error: ac_nonexistent.h: No such file or directory
configure:3172: $? = 1
configure: failed program was:
| /* confdefs.h.  */
| 
| #define PACKAGE_NAME ""
| #define PACKAGE_TARNAME ""
| #define PACKAGE_VERSION ""
| #define PACKAGE_STRING ""
| #define PACKAGE_BUGREPORT ""
| #define PACKAGE "centericq"
| #define VERSION "4.21.0"
| #ifdef __cplusplus
| extern "C" void std::exit (int) throw (); using std::exit;
| #endif
| /* end confdefs.h.  */
| #include <ac_nonexistent.h>
configure:3256: checking for ranlib
configure:3272: found /usr/bin/ranlib
configure:3283: result: ranlib
configure:3302: checking whether struct tm is in sys/time.h or time.h
configure:3325: gcc -c -g -O2  conftest.c >&5
configure:3331: $? = 0
configure:3335: test -z 
			 || test ! -s conftest.err
configure:3338: $? = 0
configure:3341: test -s conftest.o
configure:3344: $? = 0
configure:3355: result: time.h
configure:3365: checking for struct tm.tm_zone
configure:3391: gcc -c -g -O2  conftest.c >&5
configure:3397: $? = 0
configure:3401: test -z 
			 || test ! -s conftest.err
configure:3404: $? = 0
configure:3407: test -s conftest.o
configure:3410: $? = 0
configure:3470: result: yes
configure:3636: checking for OpenSSL
configure:3647: result: found in /usr
configure:3651: checking for main in -lcrypto
configure:3675: g++ -o conftest -g -O2   conftest.cc -lcrypto   >&5
configure:3681: $? = 0
configure:3685: test -z 
			 || test ! -s conftest.err
configure:3688: $? = 0
configure:3691: test -s conftest
configure:3694: $? = 0
configure:3707: result: yes
configure:3719: checking for main in -lssl
configure:3743: g++ -o conftest -g -O2   conftest.cc -lssl  -lcrypto  >&5
configure:3749: $? = 0
configure:3753: test -z 
			 || test ! -s conftest.err
configure:3756: $? = 0
configure:3759: test -s conftest
configure:3762: $? = 0
configure:3775: result: yes
configure:4072: checking how to run the C++ preprocessor
configure:4103: g++ -E  conftest.cc
configure:4109: $? = 0
configure:4141: g++ -E  conftest.cc
conftest.cc:19:28: error: ac_nonexistent.h: No such file or directory
configure:4147: $? = 1
configure: failed program was:
| /* confdefs.h.  */
| 
| #define PACKAGE_NAME ""
| #define PACKAGE_TARNAME ""
| #define PACKAGE_VERSION ""
| #define PACKAGE_STRING ""
| #define PACKAGE_BUGREPORT ""
| #define PACKAGE "centericq"
| #define VERSION "4.21.0"
| #ifdef __cplusplus
| extern "C" void std::exit (int) throw (); using std::exit;
| #endif
| #define HAVE_STRUCT_TM_TM_ZONE 1
| #define HAVE_TM_ZONE 1
| #define HAVE_OPENSSL 1
| #define HAVE_LIBCRYPTO 1
| #define HAVE_LIBSSL 1
| /* end confdefs.h.  */
| #include <ac_nonexistent.h>
configure:4186: result: g++ -E
configure:4210: g++ -E  conftest.cc
configure:4216: $? = 0
configure:4248: g++ -E  conftest.cc
conftest.cc:19:28: error: ac_nonexistent.h: No such file or directory
configure:4254: $? = 1
configure: failed program was:
| /* confdefs.h.  */
| 
| #define PACKAGE_NAME ""
| #define PACKAGE_TARNAME ""
| #define PACKAGE_VERSION ""
| #define PACKAGE_STRING ""
| #define PACKAGE_BUGREPORT ""
| #define PACKAGE "centericq"
| #define VERSION "4.21.0"
| #ifdef __cplusplus
| extern "C" void std::exit (int) throw (); using std::exit;
| #endif
| #define HAVE_STRUCT_TM_TM_ZONE 1
| #define HAVE_TM_ZONE 1
| #define HAVE_OPENSSL 1
| #define HAVE_LIBCRYPTO 1
| #define HAVE_LIBSSL 1
| /* end confdefs.h.  */
| #include <ac_nonexistent.h>
configure:4298: checking for egrep
configure:4308: result: grep -E
configure:4313: checking for ANSI C header files
configure:4338: g++ -c -g -O2  conftest.cc >&5
configure:4344: $? = 0
configure:4348: test -z 
			 || test ! -s conftest.err
configure:4351: $? = 0
configure:4354: test -s conftest.o
configure:4357: $? = 0
configure:4446: g++ -o conftest -g -O2   conftest.cc -lssl -lcrypto  >&5
configure:4449: $? = 0
configure:4451: ./conftest
configure:4454: $? = 0
configure:4469: result: yes
configure:4493: checking for sys/types.h
configure:4509: g++ -c -g -O2  conftest.cc >&5
configure:4515: $? = 0
configure:4519: test -z 
			 || test ! -s conftest.err
configure:4522: $? = 0
configure:4525: test -s conftest.o
configure:4528: $? = 0
configure:4539: result: yes
configure:4493: checking for sys/stat.h
configure:4509: g++ -c -g -O2  conftest.cc >&5
configure:4515: $? = 0
configure:4519: test -z 
			 || test ! -s conftest.err
configure:4522: $? = 0
configure:4525: test -s conftest.o
configure:4528: $? = 0
configure:4539: result: yes
configure:4493: checking for stdlib.h
configure:4509: g++ -c -g -O2  conftest.cc >&5
configure:4515: $? = 0
configure:4519: test -z 
			 || test ! -s conftest.err
configure:4522: $? = 0
configure:4525: test -s conftest.o
configure:4528: $? = 0
configure:4539: result: yes
configure:4493: checking for string.h
configure:4509: g++ -c -g -O2  conftest.cc >&5
configure:4515: $? = 0
configure:4519: test -z 
			 || test ! -s conftest.err
configure:4522: $? = 0
configure:4525: test -s conftest.o
configure:4528: $? = 0
configure:4539: result: yes
configure:4493: checking for memory.h
configure:4509: g++ -c -g -O2  conftest.cc >&5
configure:4515: $? = 0
configure:4519: test -z 
			 || test ! -s conftest.err
configure:4522: $? = 0
configure:4525: test -s conftest.o
configure:4528: $? = 0
configure:4539: result: yes
configure:4493: checking for strings.h
configure:4509: g++ -c -g -O2  conftest.cc >&5
configure:4515: $? = 0
configure:4519: test -z 
			 || test ! -s conftest.err
configure:4522: $? = 0
configure:4525: test -s conftest.o
configure:4528: $? = 0
configure:4539: result: yes
configure:4493: checking for inttypes.h
configure:4509: g++ -c -g -O2  conftest.cc >&5
configure:4515: $? = 0
configure:4519: test -z 
			 || test ! -s conftest.err
configure:4522: $? = 0
configure:4525: test -s conftest.o
configure:4528: $? = 0
configure:4539: result: yes
configure:4493: checking for stdint.h
configure:4509: g++ -c -g -O2  conftest.cc >&5
configure:4515: $? = 0
configure:4519: test -z 
			 || test ! -s conftest.err
configure:4522: $? = 0
configure:4525: test -s conftest.o
configure:4528: $? = 0
configure:4539: result: yes
configure:4493: checking for unistd.h
configure:4509: g++ -c -g -O2  conftest.cc >&5
configure:4515: $? = 0
configure:4519: test -z 
			 || test ! -s conftest.err
configure:4522: $? = 0
configure:4525: test -s conftest.o
configure:4528: $? = 0
configure:4539: result: yes
configure:4574: checking vector usability
configure:4586: g++ -c -g -O2  conftest.cc >&5
configure:4592: $? = 0
configure:4596: test -z 
			 || test ! -s conftest.err
configure:4599: $? = 0
configure:4602: test -s conftest.o
configure:4605: $? = 0
configure:4615: result: yes
configure:4619: checking vector presence
configure:4629: g++ -E  conftest.cc
configure:4635: $? = 0
configure:4655: result: yes
configure:4690: checking for vector
configure:4697: result: yes
configure:4574: checking iostream usability
configure:4586: g++ -c -g -O2  conftest.cc >&5
configure:4592: $? = 0
configure:4596: test -z 
			 || test ! -s conftest.err
configure:4599: $? = 0
configure:4602: test -s conftest.o
configure:4605: $? = 0
configure:4615: result: yes
configure:4619: checking iostream presence
configure:4629: g++ -E  conftest.cc
configure:4635: $? = 0
configure:4655: result: yes
configure:4690: checking for iostream
configure:4697: result: yes
configure:4574: checking fstream usability
configure:4586: g++ -c -g -O2  conftest.cc >&5
configure:4592: $? = 0
configure:4596: test -z 
			 || test ! -s conftest.err
configure:4599: $? = 0
configure:4602: test -s conftest.o
configure:4605: $? = 0
configure:4615: result: yes
configure:4619: checking fstream presence
configure:4629: g++ -E  conftest.cc
configure:4635: $? = 0
configure:4655: result: yes
configure:4690: checking for fstream
configure:4697: result: yes
configure:4574: checking string usability
configure:4586: g++ -c -g -O2  conftest.cc >&5
configure:4592: $? = 0
configure:4596: test -z 
			 || test ! -s conftest.err
configure:4599: $? = 0
configure:4602: test -s conftest.o
configure:4605: $? = 0
configure:4615: result: yes
configure:4619: checking string presence
configure:4629: g++ -E  conftest.cc
configure:4635: $? = 0
configure:4655: result: yes
configure:4690: checking for string
configure:4697: result: yes
configure:4574: checking algorithm usability
configure:4586: g++ -c -g -O2  conftest.cc >&5
configure:4592: $? = 0
configure:4596: test -z 
			 || test ! -s conftest.err
configure:4599: $? = 0
configure:4602: test -s conftest.o
configure:4605: $? = 0
configure:4615: result: yes
configure:4619: checking algorithm presence
configure:4629: g++ -E  conftest.cc
configure:4635: $? = 0
configure:4655: result: yes
configure:4690: checking for algorithm
configure:4697: result: yes
configure:4574: checking list usability
configure:4586: g++ -c -g -O2  conftest.cc >&5
configure:4592: $? = 0
configure:4596: test -z 
			 || test ! -s conftest.err
configure:4599: $? = 0
configure:4602: test -s conftest.o
configure:4605: $? = 0
configure:4615: result: yes
configure:4619: checking list presence
configure:4629: g++ -E  conftest.cc
configure:4635: $? = 0
configure:4655: result: yes
configure:4690: checking for list
configure:4697: result: yes
configure:4574: checking memory usability
configure:4586: g++ -c -g -O2  conftest.cc >&5
configure:4592: $? = 0
configure:4596: test -z 
			 || test ! -s conftest.err
configure:4599: $? = 0
configure:4602: test -s conftest.o
configure:4605: $? = 0
configure:4615: result: yes
configure:4619: checking memory presence
configure:4629: g++ -E  conftest.cc
configure:4635: $? = 0
configure:4655: result: yes
configure:4690: checking for memory
configure:4697: result: yes
configure:4574: checking iterator usability
configure:4586: g++ -c -g -O2  conftest.cc >&5
configure:4592: $? = 0
configure:4596: test -z 
			 || test ! -s conftest.err
configure:4599: $? = 0
configure:4602: test -s conftest.o
configure:4605: $? = 0
configure:4615: result: yes
configure:4619: checking iterator presence
configure:4629: g++ -E  conftest.cc
configure:4635: $? = 0
configure:4655: result: yes
configure:4690: checking for iterator
configure:4697: result: yes
configure:4574: checking exception usability
configure:4586: g++ -c -g -O2  conftest.cc >&5
configure:4592: $? = 0
configure:4596: test -z 
			 || test ! -s conftest.err
configure:4599: $? = 0
configure:4602: test -s conftest.o
configure:4605: $? = 0
configure:4615: result: yes
configure:4619: checking exception presence
configure:4629: g++ -E  conftest.cc
configure:4635: $? = 0
configure:4655: result: yes
configure:4690: checking for exception
configure:4697: result: yes
configure:4574: checking utility usability
configure:4586: g++ -c -g -O2  conftest.cc >&5
configure:4592: $? = 0
configure:4596: test -z 
			 || test ! -s conftest.err
configure:4599: $? = 0
configure:4602: test -s conftest.o
configure:4605: $? = 0
configure:4615: result: yes
configure:4619: checking utility presence
configure:4629: g++ -E  conftest.cc
configure:4635: $? = 0
configure:4655: result: yes
configure:4690: checking for utility
configure:4697: result: yes
configure:4732: checking hash_map usability
configure:4744: g++ -c -g -O2  conftest.cc >&5
conftest.cc:73:20: error: hash_map: No such file or directory
configure:4750: $? = 1
configure: failed program was:
| /* confdefs.h.  */
| 
| #define PACKAGE_NAME ""
| #define PACKAGE_TARNAME ""
| #define PACKAGE_VERSION ""
| #define PACKAGE_STRING ""
| #define PACKAGE_BUGREPORT ""
| #define PACKAGE "centericq"
| #define VERSION "4.21.0"
| #ifdef __cplusplus
| extern "C" void std::exit (int) throw (); using std::exit;
| #endif
| #define HAVE_STRUCT_TM_TM_ZONE 1
| #define HAVE_TM_ZONE 1
| #define HAVE_OPENSSL 1
| #define HAVE_LIBCRYPTO 1
| #define HAVE_LIBSSL 1
| #define STDC_HEADERS 1
| #define HAVE_SYS_TYPES_H 1
| #define HAVE_SYS_STAT_H 1
| #define HAVE_STDLIB_H 1
| #define HAVE_STRING_H 1
| #define HAVE_MEMORY_H 1
| #define HAVE_STRINGS_H 1
| #define HAVE_INTTYPES_H 1
| #define HAVE_STDINT_H 1
| #define HAVE_UNISTD_H 1
| #define HAVE_VECTOR 1
| #define HAVE_IOSTREAM 1
| #define HAVE_FSTREAM 1
| #define HAVE_STRING 1
| #define HAVE_ALGORITHM 1
| #define HAVE_LIST 1
| #define HAVE_MEMORY 1
| #define HAVE_ITERATOR 1
| #define HAVE_EXCEPTION 1
| #define HAVE_UTILITY 1
| /* end confdefs.h.  */
| #include <stdio.h>
| #if HAVE_SYS_TYPES_H
| # include <sys/types.h>
| #endif
| #if HAVE_SYS_STAT_H
| # include <sys/stat.h>
| #endif
| #if STDC_HEADERS
| # include <stdlib.h>
| # include <stddef.h>
| #else
| # if HAVE_STDLIB_H
| #  include <stdlib.h>
| # endif
| #endif
| #if HAVE_STRING_H
| # if !STDC_HEADERS && HAVE_MEMORY_H
| #  include <memory.h>
| # endif
| # include <string.h>
| #endif
| #if HAVE_STRINGS_H
| # include <strings.h>
| #endif
| #if HAVE_INTTYPES_H
| # include <inttypes.h>
| #else
| # if HAVE_STDINT_H
| #  include <stdint.h>
| # endif
| #endif
| #if HAVE_UNISTD_H
| # include <unistd.h>
| #endif
| #include <hash_map>
configure:4773: result: no
configure:4777: checking hash_map presence
configure:4787: g++ -E  conftest.cc
conftest.cc:39:20: error: hash_map: No such file or directory
configure:4793: $? = 1
configure: failed program was:
| /* confdefs.h.  */
| 
| #define PACKAGE_NAME ""
| #define PACKAGE_TARNAME ""
| #define PACKAGE_VERSION ""
| #define PACKAGE_STRING ""
| #define PACKAGE_BUGREPORT ""
| #define PACKAGE "centericq"
| #define VERSION "4.21.0"
| #ifdef __cplusplus
| extern "C" void std::exit (int) throw (); using std::exit;
| #endif
| #define HAVE_STRUCT_TM_TM_ZONE 1
| #define HAVE_TM_ZONE 1
| #define HAVE_OPENSSL 1
| #define HAVE_LIBCRYPTO 1
| #define HAVE_LIBSSL 1
| #define STDC_HEADERS 1
| #define HAVE_SYS_TYPES_H 1
| #define HAVE_SYS_STAT_H 1
| #define HAVE_STDLIB_H 1
| #define HAVE_STRING_H 1
| #define HAVE_MEMORY_H 1
| #define HAVE_STRINGS_H 1
| #define HAVE_INTTYPES_H 1
| #define HAVE_STDINT_H 1
| #define HAVE_UNISTD_H 1
| #define HAVE_VECTOR 1
| #define HAVE_IOSTREAM 1
| #define HAVE_FSTREAM 1
| #define HAVE_STRING 1
| #define HAVE_ALGORITHM 1
| #define HAVE_LIST 1
| #define HAVE_MEMORY 1
| #define HAVE_ITERATOR 1
| #define HAVE_EXCEPTION 1
| #define HAVE_UTILITY 1
| /* end confdefs.h.  */
| #include <hash_map>
configure:4813: result: no
configure:4848: checking for hash_map
configure:4855: result: no
configure:4732: checking strstream usability
configure:4744: g++ -c -g -O2  conftest.cc >&5
In file included from /usr/lib/gcc/x86_64-redhat-linux/4.1.2/../../../../include/c++/4.1.2/backward/strstream:51,
                 from conftest.cc:73:
/usr/lib/gcc/x86_64-redhat-linux/4.1.2/../../../../include/c++/4.1.2/backward/backward_warning.h:32:2: warning: #warning This file includes at least one deprecated or antiquated header. Please consider using one of the 32 headers found in section 17.4.1.2 of the C++ standard. Examples include substituting the <X> header for the <X.h> header for C++ includes, or <iostream> instead of the deprecated header <iostream.h>. To disable this warning use -Wno-deprecated.
configure:4750: $? = 0
configure:4754: test -z 
			 || test ! -s conftest.err
configure:4757: $? = 0
configure:4760: test -s conftest.o
configure:4763: $? = 0
configure:4773: result: yes
configure:4777: checking strstream presence
configure:4787: g++ -E  conftest.cc
In file included from /usr/lib/gcc/x86_64-redhat-linux/4.1.2/../../../../include/c++/4.1.2/backward/strstream:51,
                 from conftest.cc:39:
/usr/lib/gcc/x86_64-redhat-linux/4.1.2/../../../../include/c++/4.1.2/backward/backward_warning.h:32:2: warning: #warning This file includes at least one deprecated or antiquated header. Please consider using one of the 32 headers found in section 17.4.1.2 of the C++ standard. Examples include substituting the <X> header for the <X.h> header for C++ includes, or <iostream> instead of the deprecated header <iostream.h>. To disable this warning use -Wno-deprecated.
configure:4793: $? = 0
configure:4813: result: yes
configure:4848: checking for strstream
configure:4855: result: yes
configure:4732: checking ext/hash_map usability
configure:4744: g++ -c -g -O2  conftest.cc >&5
configure:4750: $? = 0
configure:4754: test -z 
			 || test ! -s conftest.err
configure:4757: $? = 0
configure:4760: test -s conftest.o
configure:4763: $? = 0
configure:4773: result: yes
configure:4777: checking ext/hash_map presence
configure:4787: g++ -E  conftest.cc
configure:4793: $? = 0
configure:4813: result: yes
configure:4848: checking for ext/hash_map
configure:4855: result: yes
configure:4732: checking sstream usability
configure:4744: g++ -c -g -O2  conftest.cc >&5
configure:4750: $? = 0
configure:4754: test -z 
			 || test ! -s conftest.err
configure:4757: $? = 0
configure:4760: test -s conftest.o
configure:4763: $? = 0
configure:4773: result: yes
configure:4777: checking sstream presence
configure:4787: g++ -E  conftest.cc
configure:4793: $? = 0
configure:4813: result: yes
configure:4848: checking for sstream
configure:4855: result: yes
configure:4874: checking for stdint.h
configure:4879: result: yes
configure:4874: checking for sys/types.h
configure:4879: result: yes
configure:5060: checking for ld used by GCC
configure:5124: result: /usr/bin/ld
configure:5133: checking if the linker (/usr/bin/ld) is GNU ld
configure:5146: result: yes
configure:5153: checking for shared library run path origin
configure:5166: result: done
configure:5595: checking for iconv
configure:5622: g++ -o conftest -g -O2   conftest.cc -lssl -lcrypto  >&5
configure:5628: $? = 0
configure:5632: test -z 
			 || test ! -s conftest.err
configure:5635: $? = 0
configure:5638: test -s conftest
configure:5641: $? = 0
configure:5707: result: yes
configure:5733: checking for socket in -lsocket
configure:5763: g++ -o conftest -g -O2   conftest.cc -lsocket  -lssl -lcrypto   >&5
/usr/bin/ld: cannot find -lsocket
collect2: ld returned 1 exit status
configure:5769: $? = 1
configure: failed program was:
| /* confdefs.h.  */
| 
| #define PACKAGE_NAME ""
| #define PACKAGE_TARNAME ""
| #define PACKAGE_VERSION ""
| #define PACKAGE_STRING ""
| #define PACKAGE_BUGREPORT ""
| #define PACKAGE "centericq"
| #define VERSION "4.21.0"
| #ifdef __cplusplus
| extern "C" void std::exit (int) throw (); using std::exit;
| #endif
| #define HAVE_STRUCT_TM_TM_ZONE 1
| #define HAVE_TM_ZONE 1
| #define HAVE_OPENSSL 1
| #define HAVE_LIBCRYPTO 1
| #define HAVE_LIBSSL 1
| #define STDC_HEADERS 1
| #define HAVE_SYS_TYPES_H 1
| #define HAVE_SYS_STAT_H 1
| #define HAVE_STDLIB_H 1
| #define HAVE_STRING_H 1
| #define HAVE_MEMORY_H 1
| #define HAVE_STRINGS_H 1
| #define HAVE_INTTYPES_H 1
| #define HAVE_STDINT_H 1
| #define HAVE_UNISTD_H 1
| #define HAVE_VECTOR 1
| #define HAVE_IOSTREAM 1
| #define HAVE_FSTREAM 1
| #define HAVE_STRING 1
| #define HAVE_ALGORITHM 1
| #define HAVE_LIST 1
| #define HAVE_MEMORY 1
| #define HAVE_ITERATOR 1
| #define HAVE_EXCEPTION 1
| #define HAVE_UTILITY 1
| #define HAVE_STRSTREAM 1
| #define HAVE_EXT_HASH_MAP 1
| #define HAVE_SSTREAM 1
| #define HAVE_STDINT_H 1
| #define HAVE_SYS_TYPES_H 1
| #define HAVE_ICONV 1
| /* end confdefs.h.  */
| 
| /* Override any gcc2 internal prototype to avoid an error.  */
| #ifdef __cplusplus
| extern "C"
| #endif
| /* We use char because int might match the return type of a gcc2
|    builtin and then its argument prototype would still apply.  */
| char socket ();
| int
| main ()
| {
| socket ();
|   ;
|   return 0;
| }
configure:5795: result: no
configure:5807: checking for gethostbyname in -lnsl
configure:5837: g++ -o conftest -g -O2   conftest.cc -lnsl  -lssl -lcrypto   >&5
configure:5843: $? = 0
configure:5847: test -z 
			 || test ! -s conftest.err
configure:5850: $? = 0
configure:5853: test -s conftest
configure:5856: $? = 0
configure:5869: result: yes
configure:5882: checking for initscr in -lncurses
configure:5912: g++ -o conftest -g -O2   conftest.cc -lncurses  -lnsl -lssl -lcrypto   >&5
configure:5918: $? = 0
configure:5922: test -z 
			 || test ! -s conftest.err
configure:5925: $? = 0
configure:5928: test -s conftest
configure:5931: $? = 0
configure:5944: result: yes
configure:6054: g++ -c -g -O2  conftest.cc >&5
configure:6060: $? = 0
configure:6064: test -z 
			 || test ! -s conftest.err
configure:6067: $? = 0
configure:6070: test -s conftest.o
configure:6073: $? = 0
configure:6102: checking for gpgme-config
configure:6135: result: no
configure:6218: checking for curl-config
configure:6236: found /usr/bin/curl-config
configure:6248: result: /usr/bin/curl-config
configure:6424: WARNING: No GPG support in Jabber, since GPGME library not found or its setup not ok
configure:6456: checking for jpeg_start_decompress in -ljpeg
configure:6486: gcc -o conftest -g -O2 -I/usr   conftest.c -ljpeg   -lncurses -lnsl -lssl -lcrypto   >&5
configure:6492: $? = 0
configure:6496: test -z 
			 || test ! -s conftest.err
configure:6499: $? = 0
configure:6502: test -s conftest
configure:6505: $? = 0
configure:6518: result: yes
configure:6536: checking jpeglib.h usability
configure:6548: gcc -c -g -O2 -I/usr  conftest.c >&5
configure:6554: $? = 0
configure:6558: test -z 
			 || test ! -s conftest.err
configure:6561: $? = 0
configure:6564: test -s conftest.o
configure:6567: $? = 0
configure:6577: result: yes
configure:6581: checking jpeglib.h presence
configure:6591: gcc -E  conftest.c
configure:6597: $? = 0
configure:6617: result: yes
configure:6652: checking for jpeglib.h
configure:6659: result: yes
configure:6692: checking for SSL support in libcurl
configure:6705: result: yes
configure:6749: checking whether NLS is requested
configure:6758: result: yes
configure:6796: checking for msgfmt
configure: trying /usr/bin/msgfmt...
0 translated messages.
configure:6828: result: /usr/bin/msgfmt
configure:6837: checking for gmsgfmt
configure:6868: result: /usr/bin/msgfmt
configure:6907: checking for xgettext
configure: trying /usr/bin/xgettext...
/usr/bin/xgettext: warning: file `/dev/null' extension `' is unknown; will try C
configure:6939: result: /usr/bin/xgettext
configure:6979: checking for msgmerge
configure: trying /usr/bin/msgmerge...
configure:7010: result: /usr/bin/msgmerge
configure:7046: checking whether we are using the GNU C Library 2 or newer
configure:7077: result: yes
configure:7084: checking for strerror in -lcposix
configure:7114: gcc -o conftest -g -O2 -I/usr   conftest.c -lcposix  -ljpeg  -lncurses -lnsl -lssl -lcrypto   >&5
/usr/bin/ld: cannot find -lcposix
collect2: ld returned 1 exit status
configure:7120: $? = 1
configure: failed program was:
| /* confdefs.h.  */
| 
| #define PACKAGE_NAME ""
| #define PACKAGE_TARNAME ""
| #define PACKAGE_VERSION ""
| #define PACKAGE_STRING ""
| #define PACKAGE_BUGREPORT ""
| #define PACKAGE "centericq"
| #define VERSION "4.21.0"
| #ifdef __cplusplus
| extern "C" void std::exit (int) throw (); using std::exit;
| #endif
| #define HAVE_STRUCT_TM_TM_ZONE 1
| #define HAVE_TM_ZONE 1
| #define HAVE_OPENSSL 1
| #define HAVE_LIBCRYPTO 1
| #define HAVE_LIBSSL 1
| #define STDC_HEADERS 1
| #define HAVE_SYS_TYPES_H 1
| #define HAVE_SYS_STAT_H 1
| #define HAVE_STDLIB_H 1
| #define HAVE_STRING_H 1
| #define HAVE_MEMORY_H 1
| #define HAVE_STRINGS_H 1
| #define HAVE_INTTYPES_H 1
| #define HAVE_STDINT_H 1
| #define HAVE_UNISTD_H 1
| #define HAVE_VECTOR 1
| #define HAVE_IOSTREAM 1
| #define HAVE_FSTREAM 1
| #define HAVE_STRING 1
| #define HAVE_ALGORITHM 1
| #define HAVE_LIST 1
| #define HAVE_MEMORY 1
| #define HAVE_ITERATOR 1
| #define HAVE_EXCEPTION 1
| #define HAVE_UTILITY 1
| #define HAVE_STRSTREAM 1
| #define HAVE_EXT_HASH_MAP 1
| #define HAVE_SSTREAM 1
| #define HAVE_STDINT_H 1
| #define HAVE_SYS_TYPES_H 1
| #define HAVE_ICONV 1
| #define HAVE_LIBNSL 1
| #define HAVE_LIBNCURSES 1
| #define BUILD_YAHOO 1
| #define BUILD_AIM 1
| #define BUILD_IRC 1
| #define BUILD_JABBER 1
| #define BUILD_GADU 1
| #define HAVE_JPEGLIB_H 1
| #define HAVE_LIBJPEG 1
| #define BUILD_MSN 1
| #define BUILD_RSS 1
| #define BUILD_LJ 1
| /* end confdefs.h.  */
| 
| /* Override any gcc2 internal prototype to avoid an error.  */
| #ifdef __cplusplus
| extern "C"
| #endif
| /* We use char because int might match the return type of a gcc2
|    builtin and then its argument prototype would still apply.  */
| char strerror ();
| int
| main ()
| {
| strerror ();
|   ;
|   return 0;
| }
configure:7146: result: no
configure:7154: checking for an ANSI C-conforming const
configure:7221: gcc -c -g -O2 -I/usr  conftest.c >&5
configure:7227: $? = 0
configure:7231: test -z 
			 || test ! -s conftest.err
configure:7234: $? = 0
configure:7237: test -s conftest.o
configure:7240: $? = 0
configure:7251: result: yes
configure:7262: checking for signed
configure:7283: gcc -c -g -O2 -I/usr  conftest.c >&5
configure:7289: $? = 0
configure:7293: test -z 
			 || test ! -s conftest.err
configure:7296: $? = 0
configure:7299: test -s conftest.o
configure:7302: $? = 0
configure:7313: result: yes
configure:7323: checking for inline
configure:7344: gcc -c -g -O2 -I/usr  conftest.c >&5
configure:7350: $? = 0
configure:7354: test -z 
			 || test ! -s conftest.err
configure:7357: $? = 0
configure:7360: test -s conftest.o
configure:7363: $? = 0
configure:7375: result: inline
configure:7394: checking for off_t
configure:7418: gcc -c -g -O2 -I/usr  conftest.c >&5
configure:7424: $? = 0
configure:7428: test -z 
			 || test ! -s conftest.err
configure:7431: $? = 0
configure:7434: test -s conftest.o
configure:7437: $? = 0
configure:7448: result: yes
configure:7460: checking for size_t
configure:7484: gcc -c -g -O2 -I/usr  conftest.c >&5
configure:7490: $? = 0
configure:7494: test -z 
			 || test ! -s conftest.err
configure:7497: $? = 0
configure:7500: test -s conftest.o
configure:7503: $? = 0
configure:7514: result: yes
configure:7527: checking for long long
configure:7549: gcc -o conftest -g -O2 -I/usr   conftest.c -ljpeg  -lncurses -lnsl -lssl -lcrypto   >&5
configure:7555: $? = 0
configure:7559: test -z 
			 || test ! -s conftest.err
configure:7562: $? = 0
configure:7565: test -s conftest
configure:7568: $? = 0
configure:7580: result: yes
configure:7591: checking for long double
configure:7651: result: yes
configure:7662: checking for wchar_t
configure:7684: gcc -c -g -O2 -I/usr  conftest.c >&5
configure:7690: $? = 0
configure:7694: test -z 
			 || test ! -s conftest.err
configure:7697: $? = 0
configure:7700: test -s conftest.o
configure:7703: $? = 0
configure:7714: result: yes
configure:7725: checking for wint_t
configure:7747: gcc -c -g -O2 -I/usr  conftest.c >&5
configure:7753: $? = 0
configure:7757: test -z 
			 || test ! -s conftest.err
configure:7760: $? = 0
configure:7763: test -s conftest.o
configure:7766: $? = 0
configure:7777: result: yes
configure:7788: checking for inttypes.h
configure:7810: gcc -c -g -O2 -I/usr  conftest.c >&5
configure:7816: $? = 0
configure:7820: test -z 
			 || test ! -s conftest.err
configure:7823: $? = 0
configure:7826: test -s conftest.o
configure:7829: $? = 0
configure:7840: result: yes
configure:7851: checking for stdint.h
configure:7873: gcc -c -g -O2 -I/usr  conftest.c >&5
configure:7879: $? = 0
configure:7883: test -z 
			 || test ! -s conftest.err
configure:7886: $? = 0
configure:7889: test -s conftest.o
configure:7892: $? = 0
configure:7903: result: yes
configure:7916: checking for intmax_t
configure:7946: gcc -c -g -O2 -I/usr  conftest.c >&5
configure:7952: $? = 0
configure:7956: test -z 
			 || test ! -s conftest.err
configure:7959: $? = 0
configure:7962: test -s conftest.o
configure:7965: $? = 0
configure:7976: result: yes
configure:7988: checking whether printf() supports POSIX/XSI format strings
configure:8038: gcc -o conftest -g -O2 -I/usr   conftest.c -ljpeg  -lncurses -lnsl -lssl -lcrypto   >&5
configure:8041: $? = 0
configure:8043: ./conftest
configure:8046: $? = 0
configure:8061: result: yes
configure:8075: checking for working alloca.h
configure:8096: gcc -o conftest -g -O2 -I/usr   conftest.c -ljpeg  -lncurses -lnsl -lssl -lcrypto   >&5
configure:8102: $? = 0
configure:8106: test -z 
			 || test ! -s conftest.err
configure:8109: $? = 0
configure:8112: test -s conftest
configure:8115: $? = 0
configure:8127: result: yes
configure:8137: checking for alloca
configure:8178: gcc -o conftest -g -O2 -I/usr   conftest.c -ljpeg  -lncurses -lnsl -lssl -lcrypto   >&5
configure:8184: $? = 0
configure:8188: test -z 
			 || test ! -s conftest.err
configure:8191: $? = 0
configure:8194: test -s conftest
configure:8197: $? = 0
configure:8209: result: yes
configure:8438: checking for stdlib.h
configure:8443: result: yes
configure:8438: checking for unistd.h
configure:8443: result: yes
configure:8587: checking for getpagesize
configure:8644: gcc -o conftest -g -O2 -I/usr   conftest.c -ljpeg  -lncurses -lnsl -lssl -lcrypto   >&5
configure:8650: $? = 0
configure:8654: test -z 
			 || test ! -s conftest.err
configure:8657: $? = 0
configure:8660: test -s conftest
configure:8663: $? = 0
configure:8675: result: yes
configure:8685: checking for working mmap
configure:8827: gcc -o conftest -g -O2 -I/usr   conftest.c -ljpeg  -lncurses -lnsl -lssl -lcrypto   >&5
configure:8830: $? = 0
configure:8832: ./conftest
configure:8835: $? = 0
configure:8849: result: yes
configure:8861: checking whether we are using the GNU C Library 2.1 or newer
configure:8892: result: yes
configure:8900: checking whether integer division by zero raises SIGFPE
configure:8962: gcc -o conftest -g -O2 -I/usr   conftest.c -ljpeg  -lncurses -lnsl -lssl -lcrypto   >&5
configure:8965: $? = 0
configure:8967: ./conftest
configure:8970: $? = 0
configure:8985: result: yes
configure:8998: checking for unsigned long long
configure:9020: gcc -o conftest -g -O2 -I/usr   conftest.c -ljpeg  -lncurses -lnsl -lssl -lcrypto   >&5
configure:9026: $? = 0
configure:9030: test -z 
			 || test ! -s conftest.err
configure:9033: $? = 0
configure:9036: test -s conftest
configure:9039: $? = 0
configure:9051: result: yes
configure:9083: checking for inttypes.h
configure:9106: gcc -c -g -O2 -I/usr  conftest.c >&5
configure:9112: $? = 0
configure:9116: test -z 
			 || test ! -s conftest.err
configure:9119: $? = 0
configure:9122: test -s conftest.o
configure:9125: $? = 0
configure:9137: result: yes
configure:9150: checking whether the inttypes.h PRIxNN macros are broken
configure:9176: gcc -c -g -O2 -I/usr  conftest.c >&5
configure:9182: $? = 0
configure:9186: test -z 
			 || test ! -s conftest.err
configure:9189: $? = 0
configure:9192: test -s conftest.o
configure:9195: $? = 0
configure:9207: result: no
configure:9224: checking for stdint.h
configure:9229: result: yes
configure:9369: checking for SIZE_MAX
configure:10438: result: yes
configure:10456: checking for stdint.h
configure:10461: result: yes
configure:10603: checking for CFPreferencesCopyAppValue
configure:10628: gcc -o conftest -g -O2 -I/usr  -I/System/Library/Frameworks/CoreFoundation.framework/Headers  conftest.c -ljpeg  -lncurses -lnsl -lssl -lcrypto   -framework CoreFoundation >&5
gcc: CoreFoundation: No such file or directory
cc1: error: unrecognized command line option "-framework"
configure:10634: $? = 1
configure: failed program was:
| /* confdefs.h.  */
| 
| #define PACKAGE_NAME ""
| #define PACKAGE_TARNAME ""
| #define PACKAGE_VERSION ""
| #define PACKAGE_STRING ""
| #define PACKAGE_BUGREPORT ""
| #define PACKAGE "centericq"
| #define VERSION "4.21.0"
| #ifdef __cplusplus
| extern "C" void std::exit (int) throw (); using std::exit;
| #endif
| #define HAVE_STRUCT_TM_TM_ZONE 1
| #define HAVE_TM_ZONE 1
| #define HAVE_OPENSSL 1
| #define HAVE_LIBCRYPTO 1
| #define HAVE_LIBSSL 1
| #define STDC_HEADERS 1
| #define HAVE_SYS_TYPES_H 1
| #define HAVE_SYS_STAT_H 1
| #define HAVE_STDLIB_H 1
| #define HAVE_STRING_H 1
| #define HAVE_MEMORY_H 1
| #define HAVE_STRINGS_H 1
| #define HAVE_INTTYPES_H 1
| #define HAVE_STDINT_H 1
| #define HAVE_UNISTD_H 1
| #define HAVE_VECTOR 1
| #define HAVE_IOSTREAM 1
| #define HAVE_FSTREAM 1
| #define HAVE_STRING 1
| #define HAVE_ALGORITHM 1
| #define HAVE_LIST 1
| #define HAVE_MEMORY 1
| #define HAVE_ITERATOR 1
| #define HAVE_EXCEPTION 1
| #define HAVE_UTILITY 1
| #define HAVE_STRSTREAM 1
| #define HAVE_EXT_HASH_MAP 1
| #define HAVE_SSTREAM 1
| #define HAVE_STDINT_H 1
| #define HAVE_SYS_TYPES_H 1
| #define HAVE_ICONV 1
| #define HAVE_LIBNSL 1
| #define HAVE_LIBNCURSES 1
| #define BUILD_YAHOO 1
| #define BUILD_AIM 1
| #define BUILD_IRC 1
| #define BUILD_JABBER 1
| #define BUILD_GADU 1
| #define HAVE_JPEGLIB_H 1
| #define HAVE_LIBJPEG 1
| #define BUILD_MSN 1
| #define BUILD_RSS 1
| #define BUILD_LJ 1
| #define HAVE_LONG_LONG 1
| #define HAVE_LONG_DOUBLE 1
| #define HAVE_WCHAR_T 1
| #define HAVE_WINT_T 1
| #define HAVE_INTTYPES_H_WITH_UINTMAX 1
| #define HAVE_STDINT_H_WITH_UINTMAX 1
| #define HAVE_INTMAX_T 1
| #define HAVE_POSIX_PRINTF 1
| #define HAVE_ALLOCA_H 1
| #define HAVE_ALLOCA 1
| #define HAVE_STDLIB_H 1
| #define HAVE_UNISTD_H 1
| #define HAVE_GETPAGESIZE 1
| #define HAVE_MMAP 1
| #define INTDIV0_RAISES_SIGFPE 1
| #define HAVE_UNSIGNED_LONG_LONG 1
| #define HAVE_UINTMAX_T 1
| #define HAVE_INTTYPES_H 1
| #define HAVE_STDINT_H 1
| #define HAVE_STDINT_H 1
| /* end confdefs.h.  */
| #include <CFPreferences.h>
| int
| main ()
| {
| CFPreferencesCopyAppValue(NULL, NULL)
|   ;
|   return 0;
| }
configure:10661: result: no
configure:10670: checking for CFLocaleCopyCurrent
configure:10695: gcc -o conftest -g -O2 -I/usr  -I/System/Library/Frameworks/CoreFoundation.framework/Headers  conftest.c -ljpeg  -lncurses -lnsl -lssl -lcrypto   -framework CoreFoundation >&5
gcc: CoreFoundation: No such file or directory
cc1: error: unrecognized command line option "-framework"
configure:10701: $? = 1
configure: failed program was:
| /* confdefs.h.  */
| 
| #define PACKAGE_NAME ""
| #define PACKAGE_TARNAME ""
| #define PACKAGE_VERSION ""
| #define PACKAGE_STRING ""
| #define PACKAGE_BUGREPORT ""
| #define PACKAGE "centericq"
| #define VERSION "4.21.0"
| #ifdef __cplusplus
| extern "C" void std::exit (int) throw (); using std::exit;
| #endif
| #define HAVE_STRUCT_TM_TM_ZONE 1
| #define HAVE_TM_ZONE 1
| #define HAVE_OPENSSL 1
| #define HAVE_LIBCRYPTO 1
| #define HAVE_LIBSSL 1
| #define STDC_HEADERS 1
| #define HAVE_SYS_TYPES_H 1
| #define HAVE_SYS_STAT_H 1
| #define HAVE_STDLIB_H 1
| #define HAVE_STRING_H 1
| #define HAVE_MEMORY_H 1
| #define HAVE_STRINGS_H 1
| #define HAVE_INTTYPES_H 1
| #define HAVE_STDINT_H 1
| #define HAVE_UNISTD_H 1
| #define HAVE_VECTOR 1
| #define HAVE_IOSTREAM 1
| #define HAVE_FSTREAM 1
| #define HAVE_STRING 1
| #define HAVE_ALGORITHM 1
| #define HAVE_LIST 1
| #define HAVE_MEMORY 1
| #define HAVE_ITERATOR 1
| #define HAVE_EXCEPTION 1
| #define HAVE_UTILITY 1
| #define HAVE_STRSTREAM 1
| #define HAVE_EXT_HASH_MAP 1
| #define HAVE_SSTREAM 1
| #define HAVE_STDINT_H 1
| #define HAVE_SYS_TYPES_H 1
| #define HAVE_ICONV 1
| #define HAVE_LIBNSL 1
| #define HAVE_LIBNCURSES 1
| #define BUILD_YAHOO 1
| #define BUILD_AIM 1
| #define BUILD_IRC 1
| #define BUILD_JABBER 1
| #define BUILD_GADU 1
| #define HAVE_JPEGLIB_H 1
| #define HAVE_LIBJPEG 1
| #define BUILD_MSN 1
| #define BUILD_RSS 1
| #define BUILD_LJ 1
| #define HAVE_LONG_LONG 1
| #define HAVE_LONG_DOUBLE 1
| #define HAVE_WCHAR_T 1
| #define HAVE_WINT_T 1
| #define HAVE_INTTYPES_H_WITH_UINTMAX 1
| #define HAVE_STDINT_H_WITH_UINTMAX 1
| #define HAVE_INTMAX_T 1
| #define HAVE_POSIX_PRINTF 1
| #define HAVE_ALLOCA_H 1
| #define HAVE_ALLOCA 1
| #define HAVE_STDLIB_H 1
| #define HAVE_UNISTD_H 1
| #define HAVE_GETPAGESIZE 1
| #define HAVE_MMAP 1
| #define INTDIV0_RAISES_SIGFPE 1
| #define HAVE_UNSIGNED_LONG_LONG 1
| #define HAVE_UINTMAX_T 1
| #define HAVE_INTTYPES_H 1
| #define HAVE_STDINT_H 1
| #define HAVE_STDINT_H 1
| /* end confdefs.h.  */
| #include <CFLocale.h>
| int
| main ()
| {
| CFLocaleCopyCurrent();
|   ;
|   return 0;
| }
configure:10728: result: no
configure:10749: checking for ptrdiff_t
configure:10773: gcc -c -g -O2 -I/usr  conftest.c >&5
configure:10779: $? = 0
configure:10783: test -z 
			 || test ! -s conftest.err
configure:10786: $? = 0
configure:10789: test -s conftest.o
configure:10792: $? = 0
configure:10803: result: yes
configure:10840: checking argz.h usability
configure:10852: gcc -c -g -O2 -I/usr  conftest.c >&5
configure:10858: $? = 0
configure:10862: test -z 
			 || test ! -s conftest.err
configure:10865: $? = 0
configure:10868: test -s conftest.o
configure:10871: $? = 0
configure:10881: result: yes
configure:10885: checking argz.h presence
configure:10895: gcc -E  conftest.c
configure:10901: $? = 0
configure:10921: result: yes
configure:10956: checking for argz.h
configure:10963: result: yes
configure:10840: checking limits.h usability
configure:10852: gcc -c -g -O2 -I/usr  conftest.c >&5
configure:10858: $? = 0
configure:10862: test -z 
			 || test ! -s conftest.err
configure:10865: $? = 0
configure:10868: test -s conftest.o
configure:10871: $? = 0
configure:10881: result: yes
configure:10885: checking limits.h presence
configure:10895: gcc -E  conftest.c
configure:10901: $? = 0
configure:10921: result: yes
configure:10956: checking for limits.h
configure:10963: result: yes
configure:10840: checking locale.h usability
configure:10852: gcc -c -g -O2 -I/usr  conftest.c >&5
configure:10858: $? = 0
configure:10862: test -z 
			 || test ! -s conftest.err
configure:10865: $? = 0
configure:10868: test -s conftest.o
configure:10871: $? = 0
configure:10881: result: yes
configure:10885: checking locale.h presence
configure:10895: gcc -E  conftest.c
configure:10901: $? = 0
configure:10921: result: yes
configure:10956: checking for locale.h
configure:10963: result: yes
configure:10840: checking nl_types.h usability
configure:10852: gcc -c -g -O2 -I/usr  conftest.c >&5
configure:10858: $? = 0
configure:10862: test -z 
			 || test ! -s conftest.err
configure:10865: $? = 0
configure:10868: test -s conftest.o
configure:10871: $? = 0
configure:10881: result: yes
configure:10885: checking nl_types.h presence
configure:10895: gcc -E  conftest.c
configure:10901: $? = 0
configure:10921: result: yes
configure:10956: checking for nl_types.h
configure:10963: result: yes
configure:10840: checking malloc.h usability
configure:10852: gcc -c -g -O2 -I/usr  conftest.c >&5
configure:10858: $? = 0
configure:10862: test -z 
			 || test ! -s conftest.err
configure:10865: $? = 0
configure:10868: test -s conftest.o
configure:10871: $? = 0
configure:10881: result: yes
configure:10885: checking malloc.h presence
configure:10895: gcc -E  conftest.c
configure:10901: $? = 0
configure:10921: result: yes
configure:10956: checking for malloc.h
configure:10963: result: yes
configure:10840: checking stddef.h usability
configure:10852: gcc -c -g -O2 -I/usr  conftest.c >&5
configure:10858: $? = 0
configure:10862: test -z 
			 || test ! -s conftest.err
configure:10865: $? = 0
configure:10868: test -s conftest.o
configure:10871: $? = 0
configure:10881: result: yes
configure:10885: checking stddef.h presence
configure:10895: gcc -E  conftest.c
configure:10901: $? = 0
configure:10921: result: yes
configure:10956: checking for stddef.h
configure:10963: result: yes
configure:10831: checking for stdlib.h
configure:10836: result: yes
configure:10831: checking for string.h
configure:10836: result: yes
configure:10831: checking for unistd.h
configure:10836: result: yes
configure:10840: checking sys/param.h usability
configure:10852: gcc -c -g -O2 -I/usr  conftest.c >&5
configure:10858: $? = 0
configure:10862: test -z 
			 || test ! -s conftest.err
configure:10865: $? = 0
configure:10868: test -s conftest.o
configure:10871: $? = 0
configure:10881: result: yes
configure:10885: checking sys/param.h presence
configure:10895: gcc -E  conftest.c
configure:10901: $? = 0
configure:10921: result: yes
configure:10956: checking for sys/param.h
configure:10963: result: yes
configure:11005: checking for asprintf
configure:11062: gcc -o conftest -g -O2 -I/usr   conftest.c -ljpeg  -lncurses -lnsl -lssl -lcrypto   >&5
configure:11068: $? = 0
configure:11072: test -z 
			 || test ! -s conftest.err
configure:11075: $? = 0
configure:11078: test -s conftest
configure:11081: $? = 0
configure:11093: result: yes
configure:11005: checking for fwprintf
configure:11062: gcc -o conftest -g -O2 -I/usr   conftest.c -ljpeg  -lncurses -lnsl -lssl -lcrypto   >&5
configure:11068: $? = 0
configure:11072: test -z 
			 || test ! -s conftest.err
configure:11075: $? = 0
configure:11078: test -s conftest
configure:11081: $? = 0
configure:11093: result: yes
configure:11005: checking for getcwd
configure:11062: gcc -o conftest -g -O2 -I/usr   conftest.c -ljpeg  -lncurses -lnsl -lssl -lcrypto   >&5
configure:11068: $? = 0
configure:11072: test -z 
			 || test ! -s conftest.err
configure:11075: $? = 0
configure:11078: test -s conftest
configure:11081: $? = 0
configure:11093: result: yes
configure:11005: checking for getegid
configure:11062: gcc -o conftest -g -O2 -I/usr   conftest.c -ljpeg  -lncurses -lnsl -lssl -lcrypto   >&5
configure:11068: $? = 0
configure:11072: test -z 
			 || test ! -s conftest.err
configure:11075: $? = 0
configure:11078: test -s conftest
configure:11081: $? = 0
configure:11093: result: yes
configure:11005: checking for geteuid
configure:11062: gcc -o conftest -g -O2 -I/usr   conftest.c -ljpeg  -lncurses -lnsl -lssl -lcrypto   >&5
configure:11068: $? = 0
configure:11072: test -z 
			 || test ! -s conftest.err
configure:11075: $? = 0
configure:11078: test -s conftest
configure:11081: $? = 0
configure:11093: result: yes
configure:11005: checking for getgid
configure:11062: gcc -o conftest -g -O2 -I/usr   conftest.c -ljpeg  -lncurses -lnsl -lssl -lcrypto   >&5
configure:11068: $? = 0
configure:11072: test -z 
			 || test ! -s conftest.err
configure:11075: $? = 0
configure:11078: test -s conftest
configure:11081: $? = 0
configure:11093: result: yes
configure:11005: checking for getuid
configure:11062: gcc -o conftest -g -O2 -I/usr   conftest.c -ljpeg  -lncurses -lnsl -lssl -lcrypto   >&5
configure:11068: $? = 0
configure:11072: test -z 
			 || test ! -s conftest.err
configure:11075: $? = 0
configure:11078: test -s conftest
configure:11081: $? = 0
configure:11093: result: yes
configure:11005: checking for mempcpy
configure:11062: gcc -o conftest -g -O2 -I/usr   conftest.c -ljpeg  -lncurses -lnsl -lssl -lcrypto   >&5
conftest.c:118: warning: conflicting types for built-in function 'mempcpy'
configure:11068: $? = 0
configure:11072: test -z 
			 || test ! -s conftest.err
configure:11075: $? = 0
configure:11078: test -s conftest
configure:11081: $? = 0
configure:11093: result: yes
configure:11005: checking for munmap
configure:11062: gcc -o conftest -g -O2 -I/usr   conftest.c -ljpeg  -lncurses -lnsl -lssl -lcrypto   >&5
configure:11068: $? = 0
configure:11072: test -z 
			 || test ! -s conftest.err
configure:11075: $? = 0
configure:11078: test -s conftest
configure:11081: $? = 0
configure:11093: result: yes
configure:11005: checking for putenv
configure:11062: gcc -o conftest -g -O2 -I/usr   conftest.c -ljpeg  -lncurses -lnsl -lssl -lcrypto   >&5
configure:11068: $? = 0
configure:11072: test -z 
			 || test ! -s conftest.err
configure:11075: $? = 0
configure:11078: test -s conftest
configure:11081: $? = 0
configure:11093: result: yes
configure:11005: checking for setenv
configure:11062: gcc -o conftest -g -O2 -I/usr   conftest.c -ljpeg  -lncurses -lnsl -lssl -lcrypto   >&5
configure:11068: $? = 0
configure:11072: test -z 
			 || test ! -s conftest.err
configure:11075: $? = 0
configure:11078: test -s conftest
configure:11081: $? = 0
configure:11093: result: yes
configure:11005: checking for setlocale
configure:11062: gcc -o conftest -g -O2 -I/usr   conftest.c -ljpeg  -lncurses -lnsl -lssl -lcrypto   >&5
configure:11068: $? = 0
configure:11072: test -z 
			 || test ! -s conftest.err
configure:11075: $? = 0
configure:11078: test -s conftest
configure:11081: $? = 0
configure:11093: result: yes
configure:11005: checking for snprintf
configure:11062: gcc -o conftest -g -O2 -I/usr   conftest.c -ljpeg  -lncurses -lnsl -lssl -lcrypto   >&5
conftest.c:123: warning: conflicting types for built-in function 'snprintf'
configure:11068: $? = 0
configure:11072: test -z 
			 || test ! -s conftest.err
configure:11075: $? = 0
configure:11078: test -s conftest
configure:11081: $? = 0
configure:11093: result: yes
configure:11005: checking for stpcpy
configure:11062: gcc -o conftest -g -O2 -I/usr   conftest.c -ljpeg  -lncurses -lnsl -lssl -lcrypto   >&5
conftest.c:124: warning: conflicting types for built-in function 'stpcpy'
configure:11068: $? = 0
configure:11072: test -z 
			 || test ! -s conftest.err
configure:11075: $? = 0
configure:11078: test -s conftest
configure:11081: $? = 0
configure:11093: result: yes
configure:11005: checking for strcasecmp
configure:11062: gcc -o conftest -g -O2 -I/usr   conftest.c -ljpeg  -lncurses -lnsl -lssl -lcrypto   >&5
conftest.c:125: warning: conflicting types for built-in function 'strcasecmp'
configure:11068: $? = 0
configure:11072: test -z 
			 || test ! -s conftest.err
configure:11075: $? = 0
configure:11078: test -s conftest
configure:11081: $? = 0
configure:11093: result: yes
configure:11005: checking for strdup
configure:11062: gcc -o conftest -g -O2 -I/usr   conftest.c -ljpeg  -lncurses -lnsl -lssl -lcrypto   >&5
conftest.c:126: warning: conflicting types for built-in function 'strdup'
configure:11068: $? = 0
configure:11072: test -z 
			 || test ! -s conftest.err
configure:11075: $? = 0
configure:11078: test -s conftest
configure:11081: $? = 0
configure:11093: result: yes
configure:11005: checking for strtoul
configure:11062: gcc -o conftest -g -O2 -I/usr   conftest.c -ljpeg  -lncurses -lnsl -lssl -lcrypto   >&5
configure:11068: $? = 0
configure:11072: test -z 
			 || test ! -s conftest.err
configure:11075: $? = 0
configure:11078: test -s conftest
configure:11081: $? = 0
configure:11093: result: yes
configure:11005: checking for tsearch
configure:11062: gcc -o conftest -g -O2 -I/usr   conftest.c -ljpeg  -lncurses -lnsl -lssl -lcrypto   >&5
configure:11068: $? = 0
configure:11072: test -z 
			 || test ! -s conftest.err
configure:11075: $? = 0
configure:11078: test -s conftest
configure:11081: $? = 0
configure:11093: result: yes
configure:11005: checking for wcslen
configure:11062: gcc -o conftest -g -O2 -I/usr   conftest.c -ljpeg  -lncurses -lnsl -lssl -lcrypto   >&5
configure:11068: $? = 0
configure:11072: test -z 
			 || test ! -s conftest.err
configure:11075: $? = 0
configure:11078: test -s conftest
configure:11081: $? = 0
configure:11093: result: yes
configure:11005: checking for __argz_count
configure:11062: gcc -o conftest -g -O2 -I/usr   conftest.c -ljpeg  -lncurses -lnsl -lssl -lcrypto   >&5
configure:11068: $? = 0
configure:11072: test -z 
			 || test ! -s conftest.err
configure:11075: $? = 0
configure:11078: test -s conftest
configure:11081: $? = 0
configure:11093: result: yes
configure:11005: checking for __argz_stringify
configure:11062: gcc -o conftest -g -O2 -I/usr   conftest.c -ljpeg  -lncurses -lnsl -lssl -lcrypto   >&5
configure:11068: $? = 0
configure:11072: test -z 
			 || test ! -s conftest.err
configure:11075: $? = 0
configure:11078: test -s conftest
configure:11081: $? = 0
configure:11093: result: yes
configure:11005: checking for __argz_next
configure:11062: gcc -o conftest -g -O2 -I/usr   conftest.c -ljpeg  -lncurses -lnsl -lssl -lcrypto   >&5
configure:11068: $? = 0
configure:11072: test -z 
			 || test ! -s conftest.err
configure:11075: $? = 0
configure:11078: test -s conftest
configure:11081: $? = 0
configure:11093: result: yes
configure:11005: checking for __fsetlocking
configure:11062: gcc -o conftest -g -O2 -I/usr   conftest.c -ljpeg  -lncurses -lnsl -lssl -lcrypto   >&5
configure:11068: $? = 0
configure:11072: test -z 
			 || test ! -s conftest.err
configure:11075: $? = 0
configure:11078: test -s conftest
configure:11081: $? = 0
configure:11093: result: yes
configure:11105: checking whether _snprintf is declared
configure:11130: gcc -c -g -O2 -I/usr  conftest.c >&5
conftest.c: In function 'main':
conftest.c:116: error: '_snprintf' undeclared (first use in this function)
conftest.c:116: error: (Each undeclared identifier is reported only once
conftest.c:116: error: for each function it appears in.)
configure:11136: $? = 1
configure: failed program was:
| /* confdefs.h.  */
| 
| #define PACKAGE_NAME ""
| #define PACKAGE_TARNAME ""
| #define PACKAGE_VERSION ""
| #define PACKAGE_STRING ""
| #define PACKAGE_BUGREPORT ""
| #define PACKAGE "centericq"
| #define VERSION "4.21.0"
| #ifdef __cplusplus
| extern "C" void std::exit (int) throw (); using std::exit;
| #endif
| #define HAVE_STRUCT_TM_TM_ZONE 1
| #define HAVE_TM_ZONE 1
| #define HAVE_OPENSSL 1
| #define HAVE_LIBCRYPTO 1
| #define HAVE_LIBSSL 1
| #define STDC_HEADERS 1
| #define HAVE_SYS_TYPES_H 1
| #define HAVE_SYS_STAT_H 1
| #define HAVE_STDLIB_H 1
| #define HAVE_STRING_H 1
| #define HAVE_MEMORY_H 1
| #define HAVE_STRINGS_H 1
| #define HAVE_INTTYPES_H 1
| #define HAVE_STDINT_H 1
| #define HAVE_UNISTD_H 1
| #define HAVE_VECTOR 1
| #define HAVE_IOSTREAM 1
| #define HAVE_FSTREAM 1
| #define HAVE_STRING 1
| #define HAVE_ALGORITHM 1
| #define HAVE_LIST 1
| #define HAVE_MEMORY 1
| #define HAVE_ITERATOR 1
| #define HAVE_EXCEPTION 1
| #define HAVE_UTILITY 1
| #define HAVE_STRSTREAM 1
| #define HAVE_EXT_HASH_MAP 1
| #define HAVE_SSTREAM 1
| #define HAVE_STDINT_H 1
| #define HAVE_SYS_TYPES_H 1
| #define HAVE_ICONV 1
| #define HAVE_LIBNSL 1
| #define HAVE_LIBNCURSES 1
| #define BUILD_YAHOO 1
| #define BUILD_AIM 1
| #define BUILD_IRC 1
| #define BUILD_JABBER 1
| #define BUILD_GADU 1
| #define HAVE_JPEGLIB_H 1
| #define HAVE_LIBJPEG 1
| #define BUILD_MSN 1
| #define BUILD_RSS 1
| #define BUILD_LJ 1
| #define HAVE_LONG_LONG 1
| #define HAVE_LONG_DOUBLE 1
| #define HAVE_WCHAR_T 1
| #define HAVE_WINT_T 1
| #define HAVE_INTTYPES_H_WITH_UINTMAX 1
| #define HAVE_STDINT_H_WITH_UINTMAX 1
| #define HAVE_INTMAX_T 1
| #define HAVE_POSIX_PRINTF 1
| #define HAVE_ALLOCA_H 1
| #define HAVE_ALLOCA 1
| #define HAVE_STDLIB_H 1
| #define HAVE_UNISTD_H 1
| #define HAVE_GETPAGESIZE 1
| #define HAVE_MMAP 1
| #define INTDIV0_RAISES_SIGFPE 1
| #define HAVE_UNSIGNED_LONG_LONG 1
| #define HAVE_UINTMAX_T 1
| #define HAVE_INTTYPES_H 1
| #define HAVE_STDINT_H 1
| #define HAVE_STDINT_H 1
| #define HAVE_ARGZ_H 1
| #define HAVE_LIMITS_H 1
| #define HAVE_LOCALE_H 1
| #define HAVE_NL_TYPES_H 1
| #define HAVE_MALLOC_H 1
| #define HAVE_STDDEF_H 1
| #define HAVE_STDLIB_H 1
| #define HAVE_STRING_H 1
| #define HAVE_UNISTD_H 1
| #define HAVE_SYS_PARAM_H 1
| #define HAVE_ASPRINTF 1
| #define HAVE_FWPRINTF 1
| #define HAVE_GETCWD 1
| #define HAVE_GETEGID 1
| #define HAVE_GETEUID 1
| #define HAVE_GETGID 1
| #define HAVE_GETUID 1
| #define HAVE_MEMPCPY 1
| #define HAVE_MUNMAP 1
| #define HAVE_PUTENV 1
| #define HAVE_SETENV 1
| #define HAVE_SETLOCALE 1
| #define HAVE_SNPRINTF 1
| #define HAVE_STPCPY 1
| #define HAVE_STRCASECMP 1
| #define HAVE_STRDUP 1
| #define HAVE_STRTOUL 1
| #define HAVE_TSEARCH 1
| #define HAVE_WCSLEN 1
| #define HAVE___ARGZ_COUNT 1
| #define HAVE___ARGZ_STRINGIFY 1
| #define HAVE___ARGZ_NEXT 1
| #define HAVE___FSETLOCKING 1
| /* end confdefs.h.  */
| #include <stdio.h>
| int
| main ()
| {
| 
| #ifndef _snprintf
|   char *p = (char *) _snprintf;
| #endif
| 
|   ;
|   return 0;
| }
configure:11160: result: no
configure:11174: checking whether _snwprintf is declared
configure:11199: gcc -c -g -O2 -I/usr  conftest.c >&5
conftest.c: In function 'main':
conftest.c:117: error: '_snwprintf' undeclared (first use in this function)
conftest.c:117: error: (Each undeclared identifier is reported only once
conftest.c:117: error: for each function it appears in.)
configure:11205: $? = 1
configure: failed program was:
| /* confdefs.h.  */
| 
| #define PACKAGE_NAME ""
| #define PACKAGE_TARNAME ""
| #define PACKAGE_VERSION ""
| #define PACKAGE_STRING ""
| #define PACKAGE_BUGREPORT ""
| #define PACKAGE "centericq"
| #define VERSION "4.21.0"
| #ifdef __cplusplus
| extern "C" void std::exit (int) throw (); using std::exit;
| #endif
| #define HAVE_STRUCT_TM_TM_ZONE 1
| #define HAVE_TM_ZONE 1
| #define HAVE_OPENSSL 1
| #define HAVE_LIBCRYPTO 1
| #define HAVE_LIBSSL 1
| #define STDC_HEADERS 1
| #define HAVE_SYS_TYPES_H 1
| #define HAVE_SYS_STAT_H 1
| #define HAVE_STDLIB_H 1
| #define HAVE_STRING_H 1
| #define HAVE_MEMORY_H 1
| #define HAVE_STRINGS_H 1
| #define HAVE_INTTYPES_H 1
| #define HAVE_STDINT_H 1
| #define HAVE_UNISTD_H 1
| #define HAVE_VECTOR 1
| #define HAVE_IOSTREAM 1
| #define HAVE_FSTREAM 1
| #define HAVE_STRING 1
| #define HAVE_ALGORITHM 1
| #define HAVE_LIST 1
| #define HAVE_MEMORY 1
| #define HAVE_ITERATOR 1
| #define HAVE_EXCEPTION 1
| #define HAVE_UTILITY 1
| #define HAVE_STRSTREAM 1
| #define HAVE_EXT_HASH_MAP 1
| #define HAVE_SSTREAM 1
| #define HAVE_STDINT_H 1
| #define HAVE_SYS_TYPES_H 1
| #define HAVE_ICONV 1
| #define HAVE_LIBNSL 1
| #define HAVE_LIBNCURSES 1
| #define BUILD_YAHOO 1
| #define BUILD_AIM 1
| #define BUILD_IRC 1
| #define BUILD_JABBER 1
| #define BUILD_GADU 1
| #define HAVE_JPEGLIB_H 1
| #define HAVE_LIBJPEG 1
| #define BUILD_MSN 1
| #define BUILD_RSS 1
| #define BUILD_LJ 1
| #define HAVE_LONG_LONG 1
| #define HAVE_LONG_DOUBLE 1
| #define HAVE_WCHAR_T 1
| #define HAVE_WINT_T 1
| #define HAVE_INTTYPES_H_WITH_UINTMAX 1
| #define HAVE_STDINT_H_WITH_UINTMAX 1
| #define HAVE_INTMAX_T 1
| #define HAVE_POSIX_PRINTF 1
| #define HAVE_ALLOCA_H 1
| #define HAVE_ALLOCA 1
| #define HAVE_STDLIB_H 1
| #define HAVE_UNISTD_H 1
| #define HAVE_GETPAGESIZE 1
| #define HAVE_MMAP 1
| #define INTDIV0_RAISES_SIGFPE 1
| #define HAVE_UNSIGNED_LONG_LONG 1
| #define HAVE_UINTMAX_T 1
| #define HAVE_INTTYPES_H 1
| #define HAVE_STDINT_H 1
| #define HAVE_STDINT_H 1
| #define HAVE_ARGZ_H 1
| #define HAVE_LIMITS_H 1
| #define HAVE_LOCALE_H 1
| #define HAVE_NL_TYPES_H 1
| #define HAVE_MALLOC_H 1
| #define HAVE_STDDEF_H 1
| #define HAVE_STDLIB_H 1
| #define HAVE_STRING_H 1
| #define HAVE_UNISTD_H 1
| #define HAVE_SYS_PARAM_H 1
| #define HAVE_ASPRINTF 1
| #define HAVE_FWPRINTF 1
| #define HAVE_GETCWD 1
| #define HAVE_GETEGID 1
| #define HAVE_GETEUID 1
| #define HAVE_GETGID 1
| #define HAVE_GETUID 1
| #define HAVE_MEMPCPY 1
| #define HAVE_MUNMAP 1
| #define HAVE_PUTENV 1
| #define HAVE_SETENV 1
| #define HAVE_SETLOCALE 1
| #define HAVE_SNPRINTF 1
| #define HAVE_STPCPY 1
| #define HAVE_STRCASECMP 1
| #define HAVE_STRDUP 1
| #define HAVE_STRTOUL 1
| #define HAVE_TSEARCH 1
| #define HAVE_WCSLEN 1
| #define HAVE___ARGZ_COUNT 1
| #define HAVE___ARGZ_STRINGIFY 1
| #define HAVE___ARGZ_NEXT 1
| #define HAVE___FSETLOCKING 1
| #define HAVE_DECL__SNPRINTF 0
| /* end confdefs.h.  */
| #include <stdio.h>
| int
| main ()
| {
| 
| #ifndef _snwprintf
|   char *p = (char *) _snwprintf;
| #endif
| 
|   ;
|   return 0;
| }
configure:11229: result: no
configure:11244: checking whether feof_unlocked is declared
configure:11269: gcc -c -g -O2 -I/usr  conftest.c >&5
configure:11275: $? = 0
configure:11279: test -z 
			 || test ! -s conftest.err
configure:11282: $? = 0
configure:11285: test -s conftest.o
configure:11288: $? = 0
configure:11299: result: yes
configure:11313: checking whether fgets_unlocked is declared
configure:11338: gcc -c -g -O2 -I/usr  conftest.c >&5
conftest.c: In function 'main':
conftest.c:119: error: 'fgets_unlocked' undeclared (first use in this function)
conftest.c:119: error: (Each undeclared identifier is reported only once
conftest.c:119: error: for each function it appears in.)
configure:11344: $? = 1
configure: failed program was:
| /* confdefs.h.  */
| 
| #define PACKAGE_NAME ""
| #define PACKAGE_TARNAME ""
| #define PACKAGE_VERSION ""
| #define PACKAGE_STRING ""
| #define PACKAGE_BUGREPORT ""
| #define PACKAGE "centericq"
| #define VERSION "4.21.0"
| #ifdef __cplusplus
| extern "C" void std::exit (int) throw (); using std::exit;
| #endif
| #define HAVE_STRUCT_TM_TM_ZONE 1
| #define HAVE_TM_ZONE 1
| #define HAVE_OPENSSL 1
| #define HAVE_LIBCRYPTO 1
| #define HAVE_LIBSSL 1
| #define STDC_HEADERS 1
| #define HAVE_SYS_TYPES_H 1
| #define HAVE_SYS_STAT_H 1
| #define HAVE_STDLIB_H 1
| #define HAVE_STRING_H 1
| #define HAVE_MEMORY_H 1
| #define HAVE_STRINGS_H 1
| #define HAVE_INTTYPES_H 1
| #define HAVE_STDINT_H 1
| #define HAVE_UNISTD_H 1
| #define HAVE_VECTOR 1
| #define HAVE_IOSTREAM 1
| #define HAVE_FSTREAM 1
| #define HAVE_STRING 1
| #define HAVE_ALGORITHM 1
| #define HAVE_LIST 1
| #define HAVE_MEMORY 1
| #define HAVE_ITERATOR 1
| #define HAVE_EXCEPTION 1
| #define HAVE_UTILITY 1
| #define HAVE_STRSTREAM 1
| #define HAVE_EXT_HASH_MAP 1
| #define HAVE_SSTREAM 1
| #define HAVE_STDINT_H 1
| #define HAVE_SYS_TYPES_H 1
| #define HAVE_ICONV 1
| #define HAVE_LIBNSL 1
| #define HAVE_LIBNCURSES 1
| #define BUILD_YAHOO 1
| #define BUILD_AIM 1
| #define BUILD_IRC 1
| #define BUILD_JABBER 1
| #define BUILD_GADU 1
| #define HAVE_JPEGLIB_H 1
| #define HAVE_LIBJPEG 1
| #define BUILD_MSN 1
| #define BUILD_RSS 1
| #define BUILD_LJ 1
| #define HAVE_LONG_LONG 1
| #define HAVE_LONG_DOUBLE 1
| #define HAVE_WCHAR_T 1
| #define HAVE_WINT_T 1
| #define HAVE_INTTYPES_H_WITH_UINTMAX 1
| #define HAVE_STDINT_H_WITH_UINTMAX 1
| #define HAVE_INTMAX_T 1
| #define HAVE_POSIX_PRINTF 1
| #define HAVE_ALLOCA_H 1
| #define HAVE_ALLOCA 1
| #define HAVE_STDLIB_H 1
| #define HAVE_UNISTD_H 1
| #define HAVE_GETPAGESIZE 1
| #define HAVE_MMAP 1
| #define INTDIV0_RAISES_SIGFPE 1
| #define HAVE_UNSIGNED_LONG_LONG 1
| #define HAVE_UINTMAX_T 1
| #define HAVE_INTTYPES_H 1
| #define HAVE_STDINT_H 1
| #define HAVE_STDINT_H 1
| #define HAVE_ARGZ_H 1
| #define HAVE_LIMITS_H 1
| #define HAVE_LOCALE_H 1
| #define HAVE_NL_TYPES_H 1
| #define HAVE_MALLOC_H 1
| #define HAVE_STDDEF_H 1
| #define HAVE_STDLIB_H 1
| #define HAVE_STRING_H 1
| #define HAVE_UNISTD_H 1
| #define HAVE_SYS_PARAM_H 1
| #define HAVE_ASPRINTF 1
| #define HAVE_FWPRINTF 1
| #define HAVE_GETCWD 1
| #define HAVE_GETEGID 1
| #define HAVE_GETEUID 1
| #define HAVE_GETGID 1
| #define HAVE_GETUID 1
| #define HAVE_MEMPCPY 1
| #define HAVE_MUNMAP 1
| #define HAVE_PUTENV 1
| #define HAVE_SETENV 1
| #define HAVE_SETLOCALE 1
| #define HAVE_SNPRINTF 1
| #define HAVE_STPCPY 1
| #define HAVE_STRCASECMP 1
| #define HAVE_STRDUP 1
| #define HAVE_STRTOUL 1
| #define HAVE_TSEARCH 1
| #define HAVE_WCSLEN 1
| #define HAVE___ARGZ_COUNT 1
| #define HAVE___ARGZ_STRINGIFY 1
| #define HAVE___ARGZ_NEXT 1
| #define HAVE___FSETLOCKING 1
| #define HAVE_DECL__SNPRINTF 0
| #define HAVE_DECL__SNWPRINTF 0
| #define HAVE_DECL_FEOF_UNLOCKED 1
| /* end confdefs.h.  */
| #include <stdio.h>
| int
| main ()
| {
| 
| #ifndef fgets_unlocked
|   char *p = (char *) fgets_unlocked;
| #endif
| 
|   ;
|   return 0;
| }
configure:11368: result: no
configure:11382: checking whether getc_unlocked is declared
configure:11407: gcc -c -g -O2 -I/usr  conftest.c >&5
configure:11413: $? = 0
configure:11417: test -z 
			 || test ! -s conftest.err
configure:11420: $? = 0
configure:11423: test -s conftest.o
configure:11426: $? = 0
configure:11437: result: yes
configure:11505: checking for iconv
configure:11617: result: yes
configure:11640: checking for iconv declaration
configure:11674: gcc -c -g -O2 -I/usr  conftest.c >&5
configure:11680: $? = 0
configure:11684: test -z 
			 || test ! -s conftest.err
configure:11687: $? = 0
configure:11690: test -s conftest.o
configure:11693: $? = 0
configure:11708: result: 
         extern size_t iconv (iconv_t cd, char * *inbuf, size_t *inbytesleft, char * *outbuf, size_t *outbytesleft);
configure:11719: checking for nl_langinfo and CODESET
configure:11740: gcc -o conftest -g -O2 -I/usr   conftest.c -ljpeg  -lncurses -lnsl -lssl -lcrypto   >&5
configure:11746: $? = 0
configure:11750: test -z 
			 || test ! -s conftest.err
configure:11753: $? = 0
configure:11756: test -s conftest
configure:11759: $? = 0
configure:11772: result: yes
configure:11784: checking for LC_MESSAGES
configure:11805: gcc -o conftest -g -O2 -I/usr   conftest.c -ljpeg  -lncurses -lnsl -lssl -lcrypto   >&5
configure:11811: $? = 0
configure:11815: test -z 
			 || test ! -s conftest.err
configure:11818: $? = 0
configure:11821: test -s conftest
configure:11824: $? = 0
configure:11836: result: yes
configure:11856: checking for bison
configure:11872: found /usr/bin/bison
configure:11882: result: bison
configure:11895: checking version of bison
configure:11904: result: 2.3, ok
configure:11926: checking for CFPreferencesCopyAppValue
configure:11984: result: no
configure:11993: checking for CFLocaleCopyCurrent
configure:12051: result: no
configure:12068: checking whether NLS is requested
configure:12077: result: yes
configure:12093: checking whether included gettext is requested
configure:12103: result: no
configure:12114: checking for GNU gettext in libc
configure:12138: gcc -o conftest -g -O2 -I/usr   conftest.c -ljpeg  -lncurses -lnsl -lssl -lcrypto   >&5
configure:12144: $? = 0
configure:12148: test -z 
			 || test ! -s conftest.err
configure:12151: $? = 0
configure:12154: test -s conftest
configure:12157: $? = 0
configure:12169: result: yes
configure:12731: checking whether to use NLS
configure:12733: result: yes
configure:12736: checking where the gettext function comes from
configure:12747: result: libc
configure:12937: creating ./config.status

## ---------------------- ##
## Running config.status. ##
## ---------------------- ##

This file was extended by config.status, which was
generated by GNU Autoconf 2.59.  Invocation command line was

  CONFIG_FILES    = 
  CONFIG_HEADERS  = 
  CONFIG_LINKS    = 
  CONFIG_COMMANDS = 
  $ ./config.status 

on terri.mpc.local

config.status:748: creating Makefile
config.status:748: creating misc/Makefile
config.status:748: creating share/Makefile
config.status:748: creating src/Makefile
config.status:748: creating src/hooks/Makefile
config.status:748: creating po/Makefile.in
config.status:748: creating intl/Makefile
config.status:852: creating config.h
config.status:1355: executing default-1 commands
config.status:1355: executing default-2 commands
configure:14333: configuring in connwrap-0.1
configure:14450: running /bin/sh './configure' --prefix=/usr/local  --cache-file=/dev/null --srcdir=.
configure:14333: configuring in firetalk-0.1
configure:14450: running /bin/sh './configure' --prefix=/usr/local  --cache-file=/dev/null --srcdir=.
configure:14333: configuring in kkconsui-0.1
configure:14450: running /bin/sh './configure' --prefix=/usr/local  --cache-file=/dev/null --srcdir=.
configure:14333: configuring in kkstrtext-0.1
configure:14450: running /bin/sh './configure' --prefix=/usr/local  --cache-file=/dev/null --srcdir=.
configure:14333: configuring in kksystr-0.1
configure:14450: running /bin/sh './configure' --prefix=/usr/local  --cache-file=/dev/null --srcdir=.
configure:14333: configuring in libgadu-0.1
configure:14450: running /bin/sh './configure' --prefix=/usr/local  --cache-file=/dev/null --srcdir=.
configure:14333: configuring in libicq2000-0.1
configure:14450: running /bin/sh './configure' --prefix=/usr/local  --cache-file=/dev/null --srcdir=.
configure:14333: configuring in libjabber-0.1
configure:14450: running /bin/sh './configure' --prefix=/usr/local  --cache-file=/dev/null --srcdir=.
configure:14333: configuring in libmsn-0.1
configure:14450: running /bin/sh './configure' --prefix=/usr/local  --cache-file=/dev/null --srcdir=.
configure:14333: configuring in libyahoo2-0.1
configure:14450: running /bin/sh './configure' --prefix=/usr/local  --cache-file=/dev/null --srcdir=.

## ---------------- ##
## Cache variables. ##
## ---------------- ##

ac_cv_build=x86_64-unknown-linux-gnu
ac_cv_build_alias=x86_64-unknown-linux-gnu
ac_cv_c_compiler_gnu=yes
ac_cv_c_const=yes
ac_cv_c_inline=inline
ac_cv_c_socklen_t=yes
ac_cv_cxx_compiler_gnu=yes
ac_cv_env_CC_set=
ac_cv_env_CC_value=
ac_cv_env_CFLAGS_set=
ac_cv_env_CFLAGS_value=
ac_cv_env_CPPFLAGS_set=
ac_cv_env_CPPFLAGS_value=
ac_cv_env_CPP_set=
ac_cv_env_CPP_value=
ac_cv_env_CXXCPP_set=
ac_cv_env_CXXCPP_value=
ac_cv_env_CXXFLAGS_set=
ac_cv_env_CXXFLAGS_value=
ac_cv_env_CXX_set=
ac_cv_env_CXX_value=
ac_cv_env_LDFLAGS_set=
ac_cv_env_LDFLAGS_value=
ac_cv_env_build_alias_set=
ac_cv_env_build_alias_value=
ac_cv_env_host_alias_set=
ac_cv_env_host_alias_value=
ac_cv_env_target_alias_set=
ac_cv_env_target_alias_value=
ac_cv_exeext=
ac_cv_func___argz_count=yes
ac_cv_func___argz_next=yes
ac_cv_func___argz_stringify=yes
ac_cv_func___fsetlocking=yes
ac_cv_func_alloca_works=yes
ac_cv_func_asprintf=yes
ac_cv_func_fwprintf=yes
ac_cv_func_getcwd=yes
ac_cv_func_getegid=yes
ac_cv_func_geteuid=yes
ac_cv_func_getgid=yes
ac_cv_func_getpagesize=yes
ac_cv_func_getuid=yes
ac_cv_func_mempcpy=yes
ac_cv_func_mmap_fixed_mapped=yes
ac_cv_func_munmap=yes
ac_cv_func_putenv=yes
ac_cv_func_setenv=yes
ac_cv_func_setlocale=yes
ac_cv_func_snprintf=yes
ac_cv_func_stpcpy=yes
ac_cv_func_strcasecmp=yes
ac_cv_func_strdup=yes
ac_cv_func_strtoul=yes
ac_cv_func_tsearch=yes
ac_cv_func_wcslen=yes
ac_cv_gnu_library_2=yes
ac_cv_gnu_library_2_1=yes
ac_cv_have_decl__snprintf=no
ac_cv_have_decl__snwprintf=no
ac_cv_have_decl_feof_unlocked=yes
ac_cv_have_decl_fgets_unlocked=no
ac_cv_have_decl_getc_unlocked=yes
ac_cv_header_algorithm=yes
ac_cv_header_argz_h=yes
ac_cv_header_exception=yes
ac_cv_header_ext_hash_map=yes
ac_cv_header_fstream=yes
ac_cv_header_hash_map=no
ac_cv_header_inttypes_h=yes
ac_cv_header_iostream=yes
ac_cv_header_iterator=yes
ac_cv_header_jpeglib_h=yes
ac_cv_header_limits_h=yes
ac_cv_header_list=yes
ac_cv_header_locale_h=yes
ac_cv_header_malloc_h=yes
ac_cv_header_memory=yes
ac_cv_header_memory_h=yes
ac_cv_header_nl_types_h=yes
ac_cv_header_sstream=yes
ac_cv_header_stdc=yes
ac_cv_header_stddef_h=yes
ac_cv_header_stdint_h=yes
ac_cv_header_stdlib_h=yes
ac_cv_header_string=yes
ac_cv_header_string_h=yes
ac_cv_header_strings_h=yes
ac_cv_header_strstream=yes
ac_cv_header_sys_param_h=yes
ac_cv_header_sys_stat_h=yes
ac_cv_header_sys_types_h=yes
ac_cv_header_unistd_h=yes
ac_cv_header_utility=yes
ac_cv_header_vector=yes
ac_cv_host=x86_64-unknown-linux-gnu
ac_cv_host_alias=x86_64-unknown-linux-gnu
ac_cv_lib_cposix_strerror=no
ac_cv_lib_crypto_main=yes
ac_cv_lib_jpeg_jpeg_start_decompress=yes
ac_cv_lib_ncurses_initscr=yes
ac_cv_lib_nsl_gethostbyname=yes
ac_cv_lib_socket_socket=no
ac_cv_lib_ssl_main=yes
ac_cv_member_struct_tm_tm_zone=yes
ac_cv_objext=o
ac_cv_path_CURL_CONFIG=/usr/bin/curl-config
ac_cv_path_GMSGFMT=/usr/bin/msgfmt
ac_cv_path_MSGFMT=/usr/bin/msgfmt
ac_cv_path_MSGMERGE=/usr/bin/msgmerge
ac_cv_path_XGETTEXT=/usr/bin/xgettext
ac_cv_path_install='/usr/bin/install -c'
ac_cv_prog_CPP='gcc -E'
ac_cv_prog_CXXCPP='g++ -E'
ac_cv_prog_INTLBISON=bison
ac_cv_prog_ac_ct_CC=gcc
ac_cv_prog_ac_ct_CXX=g++
ac_cv_prog_ac_ct_RANLIB=ranlib
ac_cv_prog_cc_g=yes
ac_cv_prog_cc_stdc=
ac_cv_prog_cxx_g=yes
ac_cv_prog_egrep='grep -E'
ac_cv_prog_make_make_set=yes
ac_cv_struct_tm=time.h
ac_cv_type_long_long=yes
ac_cv_type_off_t=yes
ac_cv_type_ptrdiff_t=yes
ac_cv_type_size_t=yes
ac_cv_type_unsigned_long_long=yes
ac_cv_working_alloca_h=yes
acl_cv_path_LD=/usr/bin/ld
acl_cv_prog_gnu_ld=yes
acl_cv_rpath=done
am_cv_func_iconv=yes
am_cv_langinfo_codeset=yes
am_cv_lib_iconv=no
am_cv_proto_iconv='extern size_t iconv (iconv_t cd, char * *inbuf, size_t *inbytesleft, char * *outbuf, size_t *outbytesleft);'
am_cv_proto_iconv_arg1=
bh_cv_c_signed=yes
gl_cv_header_inttypes_h=yes
gl_cv_header_stdint_h=yes
gt_cv_c_intmax_t=yes
gt_cv_c_long_double=yes
gt_cv_c_wchar_t=yes
gt_cv_c_wint_t=yes
gt_cv_func_CFLocaleCopyCurrent=no
gt_cv_func_CFPreferencesCopyAppValue=no
gt_cv_func_gnugettext1_libc=yes
gt_cv_func_printf_posix=yes
gt_cv_header_inttypes_h=yes
gt_cv_int_divbyzero_sigfpe=yes
gt_cv_inttypes_pri_broken=no
gt_cv_val_LC_MESSAGES=yes
nls_cv_force_use_gnu_gettext=no
nls_cv_header_intl=
nls_cv_header_libgt=
nls_cv_use_gnu_gettext=no

## ----------------- ##
## Output variables. ##
## ----------------- ##

ACLOCAL='aclocal-1.4'
ALLOCA=''
AUTOCONF='autoconf'
AUTOHEADER='autoheader'
AUTOMAKE='automake-1.4'
BUILD_AIM_FALSE='#'
BUILD_AIM_TRUE=''
BUILD_GADU_FALSE='#'
BUILD_GADU_TRUE=''
BUILD_INCLUDED_LIBINTL='no'
BUILD_IRC_FALSE='#'
BUILD_IRC_TRUE=''
BUILD_JABBER_FALSE='#'
BUILD_JABBER_TRUE=''
BUILD_LJ_FALSE='#'
BUILD_LJ_TRUE=''
BUILD_MSN_FALSE='#'
BUILD_MSN_TRUE=''
BUILD_RSS_FALSE='#'
BUILD_RSS_TRUE=''
BUILD_YAHOO_FALSE='#'
BUILD_YAHOO_TRUE=''
CATOBJEXT='.gmo'
CC='gcc'
CFLAGS='-g -O2 -I/usr'
CPP='gcc -E'
CPPFLAGS=''
CURL_CONFIG='/usr/bin/curl-config'
CXX='g++'
CXXCPP='g++ -E'
CXXFLAGS='-g -O2 '
DATADIRNAME='share'
DEFS='-DHAVE_CONFIG_H'
ECHO_C=''
ECHO_N='-n'
ECHO_T=''
EGREP='grep -E'
EXEEXT=''
GENCAT='gencat'
GLIBC21='yes'
GLIBC2='yes'
GMSGFMT='/usr/bin/msgfmt'
GPGME_CONFIG=''
HAVE_ASPRINTF='1'
HAVE_POSIX_PRINTF='1'
HAVE_SNPRINTF='1'
HAVE_WPRINTF='0'
INSTALL_DATA='${INSTALL} -m 644'
INSTALL_PROGRAM='${INSTALL}'
INSTALL_SCRIPT='${INSTALL}'
INSTOBJEXT='.mo'
INTLBISON='bison'
INTLLIBS=''
INTLOBJS=''
INTL_LIBTOOL_SUFFIX_PREFIX=''
INTL_MACOSX_LIBS=''
LDFLAGS=''
LIBGNUTLS_EXTRA_CFLAGS=''
LIBGNUTLS_EXTRA_CONFIG=''
LIBGNUTLS_EXTRA_LIBS=''
LIBICONV=''
LIBINTL=''
LIBOBJS=''
LIBS='-ljpeg  -lncurses -lnsl -lssl -lcrypto  '
LTLIBICONV=''
LTLIBINTL=''
LTLIBOBJS=''
MAKEINFO='makeinfo'
MKINSTALLDIRS='$(top_builddir)/./mkinstalldirs'
MSGFMT='/usr/bin/msgfmt'
MSGMERGE='/usr/bin/msgmerge'
OBJEXT='o'
PACKAGE='centericq'
PACKAGE_BUGREPORT=''
PACKAGE_NAME=''
PACKAGE_STRING=''
PACKAGE_TARNAME=''
PACKAGE_VERSION=''
PATH_SEPARATOR=':'
POSUB='po'
RANLIB='ranlib'
SET_MAKE=''
SHELL='/bin/sh'
USE_INCLUDED_LIBINTL='no'
USE_NLS='yes'
VERSION='4.21.0'
XGETTEXT='/usr/bin/xgettext'
ac_ct_CC='gcc'
ac_ct_CXX='g++'
ac_ct_RANLIB='ranlib'
bindir='${exec_prefix}/bin'
build='x86_64-unknown-linux-gnu'
build_alias=''
build_cpu='x86_64'
build_os='linux-gnu'
build_vendor='unknown'
datadir='${prefix}/share'
exec_prefix='${prefix}'
host='x86_64-unknown-linux-gnu'
host_alias=''
host_cpu='x86_64'
host_os='linux-gnu'
host_vendor='unknown'
includedir='${prefix}/include'
infodir='${prefix}/info'
libdir='${exec_prefix}/lib'
libexecdir='${exec_prefix}/libexec'
localstatedir='${prefix}/var'
mandir='${prefix}/man'
oldincludedir='/usr/include'
prefix='/usr/local'
program_transform_name='s,x,x,'
sbindir='${exec_prefix}/sbin'
sharedstatedir='${prefix}/com'
subdirs=' connwrap-0.1 firetalk-0.1 kkconsui-0.1 kkstrtext-0.1 kksystr-0.1 libgadu-0.1 libicq2000-0.1 libjabber-0.1 libmsn-0.1 libyahoo2-0.1'
sysconfdir='${prefix}/etc'
target_alias=''

## ----------- ##
## confdefs.h. ##
## ----------- ##

#define BUILD_AIM 1
#define BUILD_GADU 1
#define BUILD_IRC 1
#define BUILD_JABBER 1
#define BUILD_LJ 1
#define BUILD_MSN 1
#define BUILD_RSS 1
#define BUILD_YAHOO 1
#define ENABLE_NLS 1
#define HAVE_ALGORITHM 1
#define HAVE_ALLOCA 1
#define HAVE_ALLOCA_H 1
#define HAVE_ARGZ_H 1
#define HAVE_ASPRINTF 1
#define HAVE_DCGETTEXT 1
#define HAVE_DECL_FEOF_UNLOCKED 1
#define HAVE_DECL_FGETS_UNLOCKED 0
#define HAVE_DECL_GETC_UNLOCKED 1
#define HAVE_DECL__SNPRINTF 0
#define HAVE_DECL__SNWPRINTF 0
#define HAVE_EXCEPTION 1
#define HAVE_EXT_HASH_MAP 1
#define HAVE_FSTREAM 1
#define HAVE_FWPRINTF 1
#define HAVE_GETCWD 1
#define HAVE_GETEGID 1
#define HAVE_GETEUID 1
#define HAVE_GETGID 1
#define HAVE_GETPAGESIZE 1
#define HAVE_GETTEXT 1
#define HAVE_GETUID 1
#define HAVE_ICONV 1
#define HAVE_ICONV 1
#define HAVE_INTMAX_T 1
#define HAVE_INTTYPES_H 1
#define HAVE_INTTYPES_H 1
#define HAVE_INTTYPES_H_WITH_UINTMAX 1
#define HAVE_IOSTREAM 1
#define HAVE_ITERATOR 1
#define HAVE_JPEGLIB_H 1
#define HAVE_LANGINFO_CODESET 1
#define HAVE_LC_MESSAGES 1
#define HAVE_LIBCRYPTO 1
#define HAVE_LIBJPEG 1
#define HAVE_LIBNCURSES 1
#define HAVE_LIBNSL 1
#define HAVE_LIBSSL 1
#define HAVE_LIMITS_H 1
#define HAVE_LIST 1
#define HAVE_LOCALE_H 1
#define HAVE_LONG_DOUBLE 1
#define HAVE_LONG_LONG 1
#define HAVE_MALLOC_H 1
#define HAVE_MEMORY 1
#define HAVE_MEMORY_H 1
#define HAVE_MEMPCPY 1
#define HAVE_MMAP 1
#define HAVE_MUNMAP 1
#define HAVE_NL_TYPES_H 1
#define HAVE_OPENSSL 1
#define HAVE_POSIX_PRINTF 1
#define HAVE_PUTENV 1
#define HAVE_SETENV 1
#define HAVE_SETLOCALE 1
#define HAVE_SNPRINTF 1
#define HAVE_SSTREAM 1
#define HAVE_STDDEF_H 1
#define HAVE_STDINT_H 1
#define HAVE_STDINT_H 1
#define HAVE_STDINT_H 1
#define HAVE_STDINT_H 1
#define HAVE_STDINT_H_WITH_UINTMAX 1
#define HAVE_STDLIB_H 1
#define HAVE_STDLIB_H 1
#define HAVE_STDLIB_H 1
#define HAVE_STPCPY 1
#define HAVE_STRCASECMP 1
#define HAVE_STRDUP 1
#define HAVE_STRING 1
#define HAVE_STRINGS_H 1
#define HAVE_STRING_H 1
#define HAVE_STRING_H 1
#define HAVE_STRSTREAM 1
#define HAVE_STRTOUL 1
#define HAVE_STRUCT_TM_TM_ZONE 1
#define HAVE_SYS_PARAM_H 1
#define HAVE_SYS_STAT_H 1
#define HAVE_SYS_TYPES_H 1
#define HAVE_SYS_TYPES_H 1
#define HAVE_TM_ZONE 1
#define HAVE_TSEARCH 1
#define HAVE_UINTMAX_T 1
#define HAVE_UNISTD_H 1
#define HAVE_UNISTD_H 1
#define HAVE_UNISTD_H 1
#define HAVE_UNSIGNED_LONG_LONG 1
#define HAVE_UTILITY 1
#define HAVE_VECTOR 1
#define HAVE_WCHAR_T 1
#define HAVE_WCSLEN 1
#define HAVE_WINT_T 1
#define HAVE___ARGZ_COUNT 1
#define HAVE___ARGZ_NEXT 1
#define HAVE___ARGZ_STRINGIFY 1
#define HAVE___FSETLOCKING 1
#define ICONV_CONST 
#define INTDIV0_RAISES_SIGFPE 1
#define PACKAGE "centericq"
#define PACKAGE_BUGREPORT ""
#define PACKAGE_NAME ""
#define PACKAGE_STRING ""
#define PACKAGE_TARNAME ""
#define PACKAGE_VERSION ""
#define STDC_HEADERS 1
#define VERSION "4.21.0"
#endif
#ifdef __cplusplus
extern "C" void std::exit (int) throw (); using std::exit;

configure: exit 0
