This file contains any messages produced by compilers while
running configure, to aid debugging if configure makes a mistake.

configure:559: checking for a BSD compatible install
configure:612: checking whether build environment is sane
configure:669: checking whether make sets ${MAKE}
configure:715: checking for working aclocal-1.4
configure:728: checking for working autoconf
configure:741: checking for working automake-1.4
configure:754: checking for working autoheader
configure:767: checking for working makeinfo
configure:784: checking for ranlib
configure:814: checking for gcc
configure:927: checking whether the C compiler (gcc  ) works
configure:943: gcc -o conftest    conftest.c  1>&5
configure:969: checking whether the C compiler (gcc  ) is a cross-compiler
configure:974: checking whether we are using GNU C
configure:983: gcc -E conftest.c
configure:1002: checking whether gcc accepts -g
configure:1058: checking for c++
configure:1090: checking whether the C++ compiler (c++  ) works
configure:1106: c++ -o conftest    conftest.C  1>&5
configure:1132: checking whether the C++ compiler (c++  ) is a cross-compiler
configure:1137: checking whether we are using GNU C++
configure:1146: c++ -E conftest.C
configure:1165: checking whether c++ accepts -g
